mode: atomic
github.com/dsyorkd/pi-controller/pkg/gpio/controller.go:41.46,51.2 1 12
github.com/dsyorkd/pi-controller/pkg/gpio/controller.go:67.103,68.19 1 12
github.com/dsyorkd/pi-controller/pkg/gpio/controller.go:68.19,70.3 1 0
github.com/dsyorkd/pi-controller/pkg/gpio/controller.go:71.2,71.27 1 12
github.com/dsyorkd/pi-controller/pkg/gpio/controller.go:71.27,73.3 1 0
github.com/dsyorkd/pi-controller/pkg/gpio/controller.go:75.2,86.21 3 12
github.com/dsyorkd/pi-controller/pkg/gpio/controller.go:86.21,90.3 3 11
github.com/dsyorkd/pi-controller/pkg/gpio/controller.go:90.8,95.3 3 1
github.com/dsyorkd/pi-controller/pkg/gpio/controller.go:97.2,104.19 2 12
github.com/dsyorkd/pi-controller/pkg/gpio/controller.go:108.49,110.49 1 12
github.com/dsyorkd/pi-controller/pkg/gpio/controller.go:110.49,112.57 2 48
github.com/dsyorkd/pi-controller/pkg/gpio/controller.go:112.57,113.36 1 110
github.com/dsyorkd/pi-controller/pkg/gpio/controller.go:113.36,115.10 2 26
github.com/dsyorkd/pi-controller/pkg/gpio/controller.go:118.3,118.13 1 48
github.com/dsyorkd/pi-controller/pkg/gpio/controller.go:118.13,120.4 1 22
github.com/dsyorkd/pi-controller/pkg/gpio/controller.go:124.2,124.32 1 12
github.com/dsyorkd/pi-controller/pkg/gpio/controller.go:125.29,128.132 2 0
github.com/dsyorkd/pi-controller/pkg/gpio/controller.go:130.27,130.27 0 12
github.com/dsyorkd/pi-controller/pkg/gpio/controller.go:134.31,136.42 1 0
github.com/dsyorkd/pi-controller/pkg/gpio/controller.go:136.43,138.4 0 0
github.com/dsyorkd/pi-controller/pkg/gpio/controller.go:141.2,145.43 1 12
github.com/dsyorkd/pi-controller/pkg/gpio/controller.go:149.60,150.47 1 12
github.com/dsyorkd/pi-controller/pkg/gpio/controller.go:150.47,153.3 2 0
github.com/dsyorkd/pi-controller/pkg/gpio/controller.go:155.2,156.12 2 12
github.com/dsyorkd/pi-controller/pkg/gpio/controller.go:160.36,161.39 1 12
github.com/dsyorkd/pi-controller/pkg/gpio/controller.go:161.39,164.3 2 0
github.com/dsyorkd/pi-controller/pkg/gpio/controller.go:166.2,167.12 2 12
github.com/dsyorkd/pi-controller/pkg/gpio/controller.go:171.41,173.2 1 0
github.com/dsyorkd/pi-controller/pkg/gpio/controller.go:176.83,178.49 1 43
github.com/dsyorkd/pi-controller/pkg/gpio/controller.go:178.49,180.3 1 2
github.com/dsyorkd/pi-controller/pkg/gpio/controller.go:183.2,183.38 1 41
github.com/dsyorkd/pi-controller/pkg/gpio/controller.go:183.38,186.3 2 6
github.com/dsyorkd/pi-controller/pkg/gpio/controller.go:189.2,189.71 1 35
github.com/dsyorkd/pi-controller/pkg/gpio/controller.go:189.71,192.3 2 4
github.com/dsyorkd/pi-controller/pkg/gpio/controller.go:195.2,195.53 1 31
github.com/dsyorkd/pi-controller/pkg/gpio/controller.go:195.53,196.24 1 150
github.com/dsyorkd/pi-controller/pkg/gpio/controller.go:196.24,199.4 2 0
github.com/dsyorkd/pi-controller/pkg/gpio/controller.go:203.2,203.35 1 31
github.com/dsyorkd/pi-controller/pkg/gpio/controller.go:203.35,205.51 2 31
github.com/dsyorkd/pi-controller/pkg/gpio/controller.go:205.51,206.25 1 66
github.com/dsyorkd/pi-controller/pkg/gpio/controller.go:206.25,208.10 2 29
github.com/dsyorkd/pi-controller/pkg/gpio/controller.go:211.3,211.15 1 31
github.com/dsyorkd/pi-controller/pkg/gpio/controller.go:211.15,214.4 2 2
github.com/dsyorkd/pi-controller/pkg/gpio/controller.go:218.2,218.25 1 29
github.com/dsyorkd/pi-controller/pkg/gpio/controller.go:218.25,220.3 1 0
github.com/dsyorkd/pi-controller/pkg/gpio/controller.go:222.2,223.12 2 29
github.com/dsyorkd/pi-controller/pkg/gpio/controller.go:227.56,228.49 1 35
github.com/dsyorkd/pi-controller/pkg/gpio/controller.go:228.49,229.25 1 131
github.com/dsyorkd/pi-controller/pkg/gpio/controller.go:229.25,231.4 1 4
github.com/dsyorkd/pi-controller/pkg/gpio/controller.go:233.2,233.14 1 31
github.com/dsyorkd/pi-controller/pkg/gpio/controller.go:237.51,241.54 3 43
github.com/dsyorkd/pi-controller/pkg/gpio/controller.go:241.54,243.3 1 2
github.com/dsyorkd/pi-controller/pkg/gpio/controller.go:245.2,248.12 2 41
github.com/dsyorkd/pi-controller/pkg/gpio/controller.go:248.12,251.22 3 41
github.com/dsyorkd/pi-controller/pkg/gpio/controller.go:251.22,253.4 1 0
github.com/dsyorkd/pi-controller/pkg/gpio/controller.go:254.3,254.21 1 0
github.com/dsyorkd/pi-controller/pkg/gpio/controller.go:257.2,257.12 1 41
github.com/dsyorkd/pi-controller/pkg/gpio/controller.go:261.64,262.50 1 41
github.com/dsyorkd/pi-controller/pkg/gpio/controller.go:262.50,264.3 1 0
github.com/dsyorkd/pi-controller/pkg/gpio/controller.go:266.2,266.63 1 41
github.com/dsyorkd/pi-controller/pkg/gpio/controller.go:266.63,267.29 1 98
github.com/dsyorkd/pi-controller/pkg/gpio/controller.go:267.29,269.4 1 35
github.com/dsyorkd/pi-controller/pkg/gpio/controller.go:271.2,271.14 1 6
github.com/dsyorkd/pi-controller/pkg/gpio/controller.go:275.74,276.72 1 22
github.com/dsyorkd/pi-controller/pkg/gpio/controller.go:276.72,278.3 1 7
github.com/dsyorkd/pi-controller/pkg/gpio/controller.go:281.2,281.27 1 15
github.com/dsyorkd/pi-controller/pkg/gpio/controller.go:281.27,283.3 1 2
github.com/dsyorkd/pi-controller/pkg/gpio/controller.go:286.2,286.29 1 15
github.com/dsyorkd/pi-controller/pkg/gpio/controller.go:286.29,287.34 1 1
github.com/dsyorkd/pi-controller/pkg/gpio/controller.go:287.34,289.4 1 0
github.com/dsyorkd/pi-controller/pkg/gpio/controller.go:290.3,290.32 1 1
github.com/dsyorkd/pi-controller/pkg/gpio/controller.go:290.32,292.4 1 0
github.com/dsyorkd/pi-controller/pkg/gpio/controller.go:295.2,295.52 1 15
github.com/dsyorkd/pi-controller/pkg/gpio/controller.go:295.52,304.3 3 0
github.com/dsyorkd/pi-controller/pkg/gpio/controller.go:307.2,324.12 6 15
github.com/dsyorkd/pi-controller/pkg/gpio/controller.go:328.72,329.60 1 3
github.com/dsyorkd/pi-controller/pkg/gpio/controller.go:329.60,331.3 1 0
github.com/dsyorkd/pi-controller/pkg/gpio/controller.go:333.2,334.16 2 3
github.com/dsyorkd/pi-controller/pkg/gpio/controller.go:334.16,342.3 3 2
github.com/dsyorkd/pi-controller/pkg/gpio/controller.go:345.2,346.48 2 1
github.com/dsyorkd/pi-controller/pkg/gpio/controller.go:346.48,349.3 2 1
github.com/dsyorkd/pi-controller/pkg/gpio/controller.go:350.2,359.19 4 1
github.com/dsyorkd/pi-controller/pkg/gpio/controller.go:363.77,364.61 1 5
github.com/dsyorkd/pi-controller/pkg/gpio/controller.go:364.61,366.3 1 1
github.com/dsyorkd/pi-controller/pkg/gpio/controller.go:369.2,370.48 2 4
github.com/dsyorkd/pi-controller/pkg/gpio/controller.go:370.48,371.41 1 3
github.com/dsyorkd/pi-controller/pkg/gpio/controller.go:371.41,375.4 3 1
github.com/dsyorkd/pi-controller/pkg/gpio/controller.go:377.2,379.52 2 3
github.com/dsyorkd/pi-controller/pkg/gpio/controller.go:379.52,388.3 3 1
github.com/dsyorkd/pi-controller/pkg/gpio/controller.go:391.2,392.48 2 2
github.com/dsyorkd/pi-controller/pkg/gpio/controller.go:392.48,395.3 2 2
github.com/dsyorkd/pi-controller/pkg/gpio/controller.go:396.2,405.12 4 2
github.com/dsyorkd/pi-controller/pkg/gpio/controller.go:409.77,410.60 1 7
github.com/dsyorkd/pi-controller/pkg/gpio/controller.go:410.60,412.3 1 0
github.com/dsyorkd/pi-controller/pkg/gpio/controller.go:414.2,414.32 1 7
github.com/dsyorkd/pi-controller/pkg/gpio/controller.go:418.63,423.37 4 2
github.com/dsyorkd/pi-controller/pkg/gpio/controller.go:423.37,425.3 1 3
github.com/dsyorkd/pi-controller/pkg/gpio/controller.go:427.2,427.20 1 2
github.com/dsyorkd/pi-controller/pkg/gpio/controller.go:431.89,432.59 1 5
github.com/dsyorkd/pi-controller/pkg/gpio/controller.go:432.59,434.3 1 5
github.com/dsyorkd/pi-controller/pkg/gpio/controller.go:437.2,437.41 1 0
github.com/dsyorkd/pi-controller/pkg/gpio/controller.go:437.41,439.3 1 0
github.com/dsyorkd/pi-controller/pkg/gpio/controller.go:440.2,440.38 1 0
github.com/dsyorkd/pi-controller/pkg/gpio/controller.go:440.38,442.3 1 0
github.com/dsyorkd/pi-controller/pkg/gpio/controller.go:444.2,444.65 1 0
github.com/dsyorkd/pi-controller/pkg/gpio/controller.go:444.65,454.3 3 0
github.com/dsyorkd/pi-controller/pkg/gpio/controller.go:456.2,464.12 3 0
github.com/dsyorkd/pi-controller/pkg/gpio/controller.go:468.74,469.60 1 0
github.com/dsyorkd/pi-controller/pkg/gpio/controller.go:469.60,471.3 1 0
github.com/dsyorkd/pi-controller/pkg/gpio/controller.go:473.2,474.16 2 0
github.com/dsyorkd/pi-controller/pkg/gpio/controller.go:474.16,477.3 2 0
github.com/dsyorkd/pi-controller/pkg/gpio/controller.go:479.2,480.19 2 0
github.com/dsyorkd/pi-controller/pkg/gpio/controller.go:484.91,485.22 1 4
github.com/dsyorkd/pi-controller/pkg/gpio/controller.go:485.22,487.3 1 0
github.com/dsyorkd/pi-controller/pkg/gpio/controller.go:489.2,490.42 2 4
github.com/dsyorkd/pi-controller/pkg/gpio/controller.go:493.78,494.22 1 0
github.com/dsyorkd/pi-controller/pkg/gpio/controller.go:494.22,496.3 1 0
github.com/dsyorkd/pi-controller/pkg/gpio/controller.go:498.2,499.39 2 0
github.com/dsyorkd/pi-controller/pkg/gpio/controller.go:502.86,503.19 1 0
github.com/dsyorkd/pi-controller/pkg/gpio/controller.go:503.19,505.3 1 0
github.com/dsyorkd/pi-controller/pkg/gpio/controller.go:507.2,508.40 2 0
github.com/dsyorkd/pi-controller/pkg/gpio/controller.go:512.87,513.21 1 5
github.com/dsyorkd/pi-controller/pkg/gpio/controller.go:513.21,515.3 1 0
github.com/dsyorkd/pi-controller/pkg/gpio/controller.go:517.2,518.44 2 5
github.com/dsyorkd/pi-controller/pkg/gpio/controller.go:521.95,522.18 1 0
github.com/dsyorkd/pi-controller/pkg/gpio/controller.go:522.18,524.3 1 0
github.com/dsyorkd/pi-controller/pkg/gpio/controller.go:526.2,527.45 2 0
github.com/dsyorkd/pi-controller/pkg/gpio/controller.go:530.109,531.21 1 0
github.com/dsyorkd/pi-controller/pkg/gpio/controller.go:531.21,533.3 1 0
github.com/dsyorkd/pi-controller/pkg/gpio/controller.go:535.2,536.62 2 0
github.com/dsyorkd/pi-controller/pkg/gpio/controller.go:539.117,540.18 1 0
github.com/dsyorkd/pi-controller/pkg/gpio/controller.go:540.18,542.3 1 0
github.com/dsyorkd/pi-controller/pkg/gpio/controller.go:544.2,545.63 2 0
github.com/dsyorkd/pi-controller/pkg/gpio/controller.go:549.111,550.65 1 1
github.com/dsyorkd/pi-controller/pkg/gpio/controller.go:550.65,552.3 1 1
github.com/dsyorkd/pi-controller/pkg/gpio/controller.go:554.2,555.56 2 0
github.com/dsyorkd/pi-controller/pkg/gpio/controller.go:558.69,559.65 1 0
github.com/dsyorkd/pi-controller/pkg/gpio/controller.go:559.65,561.3 1 0
github.com/dsyorkd/pi-controller/pkg/gpio/controller.go:563.2,564.37 2 0
github.com/dsyorkd/pi-controller/pkg/gpio/controller.go:567.64,569.2 1 0
github.com/dsyorkd/pi-controller/pkg/gpio/controller.go:571.44,573.2 1 0
github.com/dsyorkd/pi-controller/pkg/gpio/controller.go:576.75,577.38 1 72
github.com/dsyorkd/pi-controller/pkg/gpio/controller.go:577.38,579.3 1 0
github.com/dsyorkd/pi-controller/pkg/gpio/controller.go:581.2,588.14 2 72
github.com/dsyorkd/pi-controller/pkg/gpio/controller.go:588.14,590.3 1 62
github.com/dsyorkd/pi-controller/pkg/gpio/controller.go:592.2,592.57 1 72
github.com/dsyorkd/pi-controller/pkg/gpio/controller.go:596.64,611.2 3 0
github.com/dsyorkd/pi-controller/pkg/gpio/interface.go:173.30,186.2 1 12
github.com/dsyorkd/pi-controller/pkg/gpio/mock.go:27.44,33.2 1 22
github.com/dsyorkd/pi-controller/pkg/gpio/mock.go:36.58,46.2 6 22
github.com/dsyorkd/pi-controller/pkg/gpio/mock.go:49.34,54.52 3 22
github.com/dsyorkd/pi-controller/pkg/gpio/mock.go:54.52,56.3 1 0
github.com/dsyorkd/pi-controller/pkg/gpio/mock.go:59.2,63.12 4 22
github.com/dsyorkd/pi-controller/pkg/gpio/mock.go:67.57,71.39 3 32
github.com/dsyorkd/pi-controller/pkg/gpio/mock.go:71.39,73.3 1 2
github.com/dsyorkd/pi-controller/pkg/gpio/mock.go:75.2,81.12 2 30
github.com/dsyorkd/pi-controller/pkg/gpio/mock.go:85.55,90.13 4 6
github.com/dsyorkd/pi-controller/pkg/gpio/mock.go:90.13,92.3 1 2
github.com/dsyorkd/pi-controller/pkg/gpio/mock.go:94.2,94.48 1 4
github.com/dsyorkd/pi-controller/pkg/gpio/mock.go:94.48,96.3 1 2
github.com/dsyorkd/pi-controller/pkg/gpio/mock.go:99.2,101.27 2 2
github.com/dsyorkd/pi-controller/pkg/gpio/mock.go:105.60,110.13 4 10
github.com/dsyorkd/pi-controller/pkg/gpio/mock.go:110.13,112.3 1 2
github.com/dsyorkd/pi-controller/pkg/gpio/mock.go:114.2,114.49 1 8
github.com/dsyorkd/pi-controller/pkg/gpio/mock.go:114.49,116.3 1 1
github.com/dsyorkd/pi-controller/pkg/gpio/mock.go:118.2,123.82 4 7
github.com/dsyorkd/pi-controller/pkg/gpio/mock.go:123.82,127.20 3 3
github.com/dsyorkd/pi-controller/pkg/gpio/mock.go:128.24,129.52 1 0
github.com/dsyorkd/pi-controller/pkg/gpio/mock.go:130.25,131.52 1 0
github.com/dsyorkd/pi-controller/pkg/gpio/mock.go:132.23,133.24 1 3
github.com/dsyorkd/pi-controller/pkg/gpio/mock.go:136.3,136.20 1 3
github.com/dsyorkd/pi-controller/pkg/gpio/mock.go:136.20,143.4 1 3
github.com/dsyorkd/pi-controller/pkg/gpio/mock.go:146.2,146.12 1 7
github.com/dsyorkd/pi-controller/pkg/gpio/mock.go:150.60,155.13 4 12
github.com/dsyorkd/pi-controller/pkg/gpio/mock.go:155.13,157.3 1 0
github.com/dsyorkd/pi-controller/pkg/gpio/mock.go:159.2,165.8 1 12
github.com/dsyorkd/pi-controller/pkg/gpio/mock.go:169.61,174.35 4 2
github.com/dsyorkd/pi-controller/pkg/gpio/mock.go:174.35,182.3 1 3
github.com/dsyorkd/pi-controller/pkg/gpio/mock.go:184.2,184.20 1 2
github.com/dsyorkd/pi-controller/pkg/gpio/mock.go:188.72,193.13 4 10
github.com/dsyorkd/pi-controller/pkg/gpio/mock.go:193.13,195.3 1 1
github.com/dsyorkd/pi-controller/pkg/gpio/mock.go:197.2,197.49 1 9
github.com/dsyorkd/pi-controller/pkg/gpio/mock.go:197.49,199.3 1 0
github.com/dsyorkd/pi-controller/pkg/gpio/mock.go:201.2,201.40 1 9
github.com/dsyorkd/pi-controller/pkg/gpio/mock.go:201.40,203.3 1 2
github.com/dsyorkd/pi-controller/pkg/gpio/mock.go:205.2,205.38 1 7
github.com/dsyorkd/pi-controller/pkg/gpio/mock.go:205.38,207.3 1 2
github.com/dsyorkd/pi-controller/pkg/gpio/mock.go:210.2,214.12 4 5
github.com/dsyorkd/pi-controller/pkg/gpio/mock.go:218.57,223.13 4 3
github.com/dsyorkd/pi-controller/pkg/gpio/mock.go:223.13,225.3 1 1
github.com/dsyorkd/pi-controller/pkg/gpio/mock.go:227.2,227.48 1 2
github.com/dsyorkd/pi-controller/pkg/gpio/mock.go:227.48,229.3 1 1
github.com/dsyorkd/pi-controller/pkg/gpio/mock.go:233.2,238.23 4 1
github.com/dsyorkd/pi-controller/pkg/gpio/mock.go:242.39,244.2 1 1
github.com/dsyorkd/pi-controller/pkg/gpio/mock.go:247.74,248.32 1 9
github.com/dsyorkd/pi-controller/pkg/gpio/mock.go:248.32,250.3 1 4
github.com/dsyorkd/pi-controller/pkg/gpio/mock.go:253.2,254.25 2 5
github.com/dsyorkd/pi-controller/pkg/gpio/mock.go:254.25,256.3 1 12
github.com/dsyorkd/pi-controller/pkg/gpio/mock.go:258.2,258.20 1 5
github.com/dsyorkd/pi-controller/pkg/gpio/mock.go:262.61,263.32 1 5
github.com/dsyorkd/pi-controller/pkg/gpio/mock.go:263.32,265.3 1 2
github.com/dsyorkd/pi-controller/pkg/gpio/mock.go:268.2,268.12 1 3
github.com/dsyorkd/pi-controller/pkg/gpio/mock.go:272.69,273.32 1 7
github.com/dsyorkd/pi-controller/pkg/gpio/mock.go:273.32,275.3 1 2
github.com/dsyorkd/pi-controller/pkg/gpio/mock.go:277.2,277.17 1 5
github.com/dsyorkd/pi-controller/pkg/gpio/mock.go:277.17,279.3 1 3
github.com/dsyorkd/pi-controller/pkg/gpio/mock.go:282.2,283.30 2 2
github.com/dsyorkd/pi-controller/pkg/gpio/mock.go:283.30,285.3 1 7
github.com/dsyorkd/pi-controller/pkg/gpio/mock.go:287.2,287.20 1 2
github.com/dsyorkd/pi-controller/pkg/gpio/mock.go:291.70,292.24 1 15
github.com/dsyorkd/pi-controller/pkg/gpio/mock.go:292.24,294.3 1 3
github.com/dsyorkd/pi-controller/pkg/gpio/mock.go:296.2,296.38 1 12
github.com/dsyorkd/pi-controller/pkg/gpio/mock.go:296.38,298.3 1 4
github.com/dsyorkd/pi-controller/pkg/gpio/mock.go:301.2,301.12 1 8
github.com/dsyorkd/pi-controller/pkg/gpio/mock.go:305.78,306.24 1 11
github.com/dsyorkd/pi-controller/pkg/gpio/mock.go:306.24,308.3 1 2
github.com/dsyorkd/pi-controller/pkg/gpio/mock.go:310.2,310.38 1 9
github.com/dsyorkd/pi-controller/pkg/gpio/mock.go:310.38,312.3 1 2
github.com/dsyorkd/pi-controller/pkg/gpio/mock.go:314.2,314.17 1 7
github.com/dsyorkd/pi-controller/pkg/gpio/mock.go:314.17,316.3 1 1
github.com/dsyorkd/pi-controller/pkg/gpio/mock.go:319.2,320.30 2 6
github.com/dsyorkd/pi-controller/pkg/gpio/mock.go:320.30,322.3 1 7
github.com/dsyorkd/pi-controller/pkg/gpio/mock.go:324.2,324.20 1 6
github.com/dsyorkd/pi-controller/pkg/gpio/mock.go:328.92,329.24 1 10
github.com/dsyorkd/pi-controller/pkg/gpio/mock.go:329.24,331.3 1 2
github.com/dsyorkd/pi-controller/pkg/gpio/mock.go:333.2,333.38 1 8
github.com/dsyorkd/pi-controller/pkg/gpio/mock.go:333.38,335.3 1 2
github.com/dsyorkd/pi-controller/pkg/gpio/mock.go:337.2,337.36 1 6
github.com/dsyorkd/pi-controller/pkg/gpio/mock.go:337.36,339.3 1 2
github.com/dsyorkd/pi-controller/pkg/gpio/mock.go:342.2,342.12 1 4
github.com/dsyorkd/pi-controller/pkg/gpio/mock.go:346.100,347.24 1 11
github.com/dsyorkd/pi-controller/pkg/gpio/mock.go:347.24,349.3 1 2
github.com/dsyorkd/pi-controller/pkg/gpio/mock.go:351.2,351.38 1 9
github.com/dsyorkd/pi-controller/pkg/gpio/mock.go:351.38,353.3 1 2
github.com/dsyorkd/pi-controller/pkg/gpio/mock.go:355.2,355.36 1 7
github.com/dsyorkd/pi-controller/pkg/gpio/mock.go:355.36,357.3 1 2
github.com/dsyorkd/pi-controller/pkg/gpio/mock.go:359.2,359.17 1 5
github.com/dsyorkd/pi-controller/pkg/gpio/mock.go:359.17,361.3 1 1
github.com/dsyorkd/pi-controller/pkg/gpio/mock.go:364.2,365.30 2 4
github.com/dsyorkd/pi-controller/pkg/gpio/mock.go:365.30,367.3 1 5
github.com/dsyorkd/pi-controller/pkg/gpio/mock.go:369.2,369.20 1 4
github.com/dsyorkd/pi-controller/pkg/gpio/mock.go:373.94,377.39 3 3
github.com/dsyorkd/pi-controller/pkg/gpio/mock.go:377.39,379.3 1 1
github.com/dsyorkd/pi-controller/pkg/gpio/mock.go:381.2,384.12 3 2
github.com/dsyorkd/pi-controller/pkg/gpio/mock.go:388.52,396.2 5 1
github.com/dsyorkd/pi-controller/pkg/gpio/mock.go:399.62,401.24 2 2
github.com/dsyorkd/pi-controller/pkg/gpio/mock.go:401.24,404.3 2 1
github.com/dsyorkd/pi-controller/pkg/gpio/mock.go:406.2,412.12 5 1
github.com/dsyorkd/pi-controller/pkg/gpio/mock.go:412.12,416.7 3 1
github.com/dsyorkd/pi-controller/pkg/gpio/mock.go:416.7,417.11 1 1
github.com/dsyorkd/pi-controller/pkg/gpio/mock.go:418.22,423.11 5 1
github.com/dsyorkd/pi-controller/pkg/gpio/mock.go:424.20,425.27 1 0
github.com/dsyorkd/pi-controller/pkg/gpio/mock.go:430.2,430.12 1 1
github.com/dsyorkd/pi-controller/pkg/gpio/mock.go:434.42,438.25 3 2
github.com/dsyorkd/pi-controller/pkg/gpio/mock.go:438.25,440.3 1 1
github.com/dsyorkd/pi-controller/pkg/gpio/mock.go:442.2,442.30 1 1
github.com/dsyorkd/pi-controller/pkg/gpio/mock.go:442.30,444.3 1 1
github.com/dsyorkd/pi-controller/pkg/gpio/mock.go:447.2,450.12 3 1
github.com/dsyorkd/pi-controller/pkg/gpio/mock.go:454.41,458.44 4 0
github.com/dsyorkd/pi-controller/pkg/gpio/mock.go:458.44,461.3 2 0
github.com/dsyorkd/pi-controller/pkg/gpio/mock.go:462.2,465.37 2 0
github.com/dsyorkd/pi-controller/pkg/gpio/mock.go:465.37,469.35 2 0
github.com/dsyorkd/pi-controller/pkg/gpio/mock.go:469.35,480.4 3 0
github.com/dsyorkd/pi-controller/pkg/gpio/periph.go:45.48,46.19 1 1
github.com/dsyorkd/pi-controller/pkg/gpio/periph.go:46.19,48.3 1 0
github.com/dsyorkd/pi-controller/pkg/gpio/periph.go:50.2,57.3 2 1
github.com/dsyorkd/pi-controller/pkg/gpio/periph.go:61.60,65.19 3 1
github.com/dsyorkd/pi-controller/pkg/gpio/periph.go:65.19,67.3 1 0
github.com/dsyorkd/pi-controller/pkg/gpio/periph.go:69.2,72.39 2 1
github.com/dsyorkd/pi-controller/pkg/gpio/periph.go:72.39,75.3 2 0
github.com/dsyorkd/pi-controller/pkg/gpio/periph.go:77.2,80.12 3 1
github.com/dsyorkd/pi-controller/pkg/gpio/periph.go:84.36,88.20 3 1
github.com/dsyorkd/pi-controller/pkg/gpio/periph.go:88.20,90.3 1 0
github.com/dsyorkd/pi-controller/pkg/gpio/periph.go:92.2,95.26 2 1
github.com/dsyorkd/pi-controller/pkg/gpio/periph.go:95.26,98.3 2 0
github.com/dsyorkd/pi-controller/pkg/gpio/periph.go:101.2,101.36 1 1
github.com/dsyorkd/pi-controller/pkg/gpio/periph.go:101.36,102.48 1 0
github.com/dsyorkd/pi-controller/pkg/gpio/periph.go:102.48,103.50 1 0
github.com/dsyorkd/pi-controller/pkg/gpio/periph.go:103.50,105.5 1 0
github.com/dsyorkd/pi-controller/pkg/gpio/periph.go:110.2,110.37 1 1
github.com/dsyorkd/pi-controller/pkg/gpio/periph.go:110.37,111.17 1 0
github.com/dsyorkd/pi-controller/pkg/gpio/periph.go:111.17,112.48 1 0
github.com/dsyorkd/pi-controller/pkg/gpio/periph.go:112.48,114.5 1 0
github.com/dsyorkd/pi-controller/pkg/gpio/periph.go:118.2,123.12 5 1
github.com/dsyorkd/pi-controller/pkg/gpio/periph.go:127.59,131.20 3 0
github.com/dsyorkd/pi-controller/pkg/gpio/periph.go:131.20,133.3 1 0
github.com/dsyorkd/pi-controller/pkg/gpio/periph.go:135.2,143.16 3 0
github.com/dsyorkd/pi-controller/pkg/gpio/periph.go:143.16,145.3 1 0
github.com/dsyorkd/pi-controller/pkg/gpio/periph.go:148.2,149.25 2 0
github.com/dsyorkd/pi-controller/pkg/gpio/periph.go:150.16,151.20 1 0
github.com/dsyorkd/pi-controller/pkg/gpio/periph.go:152.14,153.21 1 0
github.com/dsyorkd/pi-controller/pkg/gpio/periph.go:154.16,155.23 1 0
github.com/dsyorkd/pi-controller/pkg/gpio/periph.go:159.2,160.26 2 0
github.com/dsyorkd/pi-controller/pkg/gpio/periph.go:161.22,162.34 1 0
github.com/dsyorkd/pi-controller/pkg/gpio/periph.go:163.23,165.26 1 0
github.com/dsyorkd/pi-controller/pkg/gpio/periph.go:166.10,167.67 1 0
github.com/dsyorkd/pi-controller/pkg/gpio/periph.go:170.2,170.16 1 0
github.com/dsyorkd/pi-controller/pkg/gpio/periph.go:170.16,172.3 1 0
github.com/dsyorkd/pi-controller/pkg/gpio/periph.go:175.2,181.29 2 0
github.com/dsyorkd/pi-controller/pkg/gpio/periph.go:181.29,182.94 1 0
github.com/dsyorkd/pi-controller/pkg/gpio/periph.go:182.94,184.4 1 0
github.com/dsyorkd/pi-controller/pkg/gpio/periph.go:187.2,188.12 2 0
github.com/dsyorkd/pi-controller/pkg/gpio/periph.go:192.75,198.27 2 0
github.com/dsyorkd/pi-controller/pkg/gpio/periph.go:198.27,200.3 1 0
github.com/dsyorkd/pi-controller/pkg/gpio/periph.go:202.2,203.13 2 0
github.com/dsyorkd/pi-controller/pkg/gpio/periph.go:203.13,205.3 1 0
github.com/dsyorkd/pi-controller/pkg/gpio/periph.go:209.2,216.12 2 0
github.com/dsyorkd/pi-controller/pkg/gpio/periph.go:220.57,224.20 3 0
github.com/dsyorkd/pi-controller/pkg/gpio/periph.go:224.20,226.3 1 0
github.com/dsyorkd/pi-controller/pkg/gpio/periph.go:228.2,229.13 2 0
github.com/dsyorkd/pi-controller/pkg/gpio/periph.go:229.13,231.3 1 0
github.com/dsyorkd/pi-controller/pkg/gpio/periph.go:233.2,235.24 3 0
github.com/dsyorkd/pi-controller/pkg/gpio/periph.go:235.24,237.3 1 0
github.com/dsyorkd/pi-controller/pkg/gpio/periph.go:240.2,248.19 4 0
github.com/dsyorkd/pi-controller/pkg/gpio/periph.go:252.62,256.20 3 0
github.com/dsyorkd/pi-controller/pkg/gpio/periph.go:256.20,258.3 1 0
github.com/dsyorkd/pi-controller/pkg/gpio/periph.go:260.2,261.13 2 0
github.com/dsyorkd/pi-controller/pkg/gpio/periph.go:261.13,263.3 1 0
github.com/dsyorkd/pi-controller/pkg/gpio/periph.go:265.2,265.47 1 0
github.com/dsyorkd/pi-controller/pkg/gpio/periph.go:265.47,267.3 1 0
github.com/dsyorkd/pi-controller/pkg/gpio/periph.go:270.2,271.19 2 0
github.com/dsyorkd/pi-controller/pkg/gpio/periph.go:271.19,273.3 1 0
github.com/dsyorkd/pi-controller/pkg/gpio/periph.go:275.2,275.45 1 0
github.com/dsyorkd/pi-controller/pkg/gpio/periph.go:275.45,277.3 1 0
github.com/dsyorkd/pi-controller/pkg/gpio/periph.go:280.2,287.12 3 0
github.com/dsyorkd/pi-controller/pkg/gpio/periph.go:291.62,296.13 4 0
github.com/dsyorkd/pi-controller/pkg/gpio/periph.go:296.13,298.3 1 0
github.com/dsyorkd/pi-controller/pkg/gpio/periph.go:301.2,302.16 2 0
github.com/dsyorkd/pi-controller/pkg/gpio/periph.go:302.16,304.3 1 0
github.com/dsyorkd/pi-controller/pkg/gpio/periph.go:306.2,312.8 1 0
github.com/dsyorkd/pi-controller/pkg/gpio/periph.go:316.63,321.29 4 0
github.com/dsyorkd/pi-controller/pkg/gpio/periph.go:321.29,323.17 2 0
github.com/dsyorkd/pi-controller/pkg/gpio/periph.go:323.17,325.12 2 0
github.com/dsyorkd/pi-controller/pkg/gpio/periph.go:327.3,327.34 1 0
github.com/dsyorkd/pi-controller/pkg/gpio/periph.go:330.2,330.20 1 0
github.com/dsyorkd/pi-controller/pkg/gpio/periph.go:334.74,338.20 3 0
github.com/dsyorkd/pi-controller/pkg/gpio/periph.go:338.20,340.3 1 0
github.com/dsyorkd/pi-controller/pkg/gpio/periph.go:343.2,343.41 1 0
github.com/dsyorkd/pi-controller/pkg/gpio/periph.go:343.41,345.3 1 0
github.com/dsyorkd/pi-controller/pkg/gpio/periph.go:346.2,346.38 1 0
github.com/dsyorkd/pi-controller/pkg/gpio/periph.go:346.38,348.3 1 0
github.com/dsyorkd/pi-controller/pkg/gpio/periph.go:350.2,351.13 2 0
github.com/dsyorkd/pi-controller/pkg/gpio/periph.go:351.13,353.3 1 0
github.com/dsyorkd/pi-controller/pkg/gpio/periph.go:356.2,360.22 3 0
github.com/dsyorkd/pi-controller/pkg/gpio/periph.go:360.22,363.3 2 0
github.com/dsyorkd/pi-controller/pkg/gpio/periph.go:365.2,371.12 2 0
github.com/dsyorkd/pi-controller/pkg/gpio/periph.go:375.49,380.21 4 0
github.com/dsyorkd/pi-controller/pkg/gpio/periph.go:380.21,382.3 1 0
github.com/dsyorkd/pi-controller/pkg/gpio/periph.go:384.2,387.22 3 0
github.com/dsyorkd/pi-controller/pkg/gpio/periph.go:387.22,394.17 4 0
github.com/dsyorkd/pi-controller/pkg/gpio/periph.go:394.17,397.4 2 0
github.com/dsyorkd/pi-controller/pkg/gpio/periph.go:400.3,400.18 1 0
github.com/dsyorkd/pi-controller/pkg/gpio/periph.go:400.18,403.4 2 0
github.com/dsyorkd/pi-controller/pkg/gpio/periph.go:406.3,410.14 4 0
github.com/dsyorkd/pi-controller/pkg/gpio/periph.go:410.14,411.9 1 0
github.com/dsyorkd/pi-controller/pkg/gpio/periph.go:417.59,419.2 1 0
github.com/dsyorkd/pi-controller/pkg/gpio/periph.go:422.41,424.2 1 0
github.com/dsyorkd/pi-controller/pkg/gpio/periph.go:427.76,429.2 1 0
github.com/dsyorkd/pi-controller/pkg/gpio/periph.go:431.63,433.2 1 0
github.com/dsyorkd/pi-controller/pkg/gpio/periph.go:435.71,437.2 1 0
github.com/dsyorkd/pi-controller/pkg/gpio/periph.go:440.72,442.2 1 0
github.com/dsyorkd/pi-controller/pkg/gpio/periph.go:444.80,446.2 1 0
github.com/dsyorkd/pi-controller/pkg/gpio/periph.go:448.94,450.2 1 0
github.com/dsyorkd/pi-controller/pkg/gpio/periph.go:452.102,454.2 1 0
github.com/dsyorkd/pi-controller/pkg/gpio/periph.go:457.96,461.20 3 0
github.com/dsyorkd/pi-controller/pkg/gpio/periph.go:461.20,463.3 1 0
github.com/dsyorkd/pi-controller/pkg/gpio/periph.go:465.2,466.13 2 0
github.com/dsyorkd/pi-controller/pkg/gpio/periph.go:466.13,468.3 1 0
github.com/dsyorkd/pi-controller/pkg/gpio/periph.go:470.2,470.46 1 0
github.com/dsyorkd/pi-controller/pkg/gpio/periph.go:470.46,472.3 1 0
github.com/dsyorkd/pi-controller/pkg/gpio/periph.go:475.2,476.19 2 0
github.com/dsyorkd/pi-controller/pkg/gpio/periph.go:477.23,478.25 1 0
github.com/dsyorkd/pi-controller/pkg/gpio/periph.go:479.24,480.26 1 0
github.com/dsyorkd/pi-controller/pkg/gpio/periph.go:481.22,482.24 1 0
github.com/dsyorkd/pi-controller/pkg/gpio/periph.go:483.10,484.57 1 0
github.com/dsyorkd/pi-controller/pkg/gpio/periph.go:487.2,487.62 1 0
github.com/dsyorkd/pi-controller/pkg/gpio/periph.go:487.62,489.3 1 0
github.com/dsyorkd/pi-controller/pkg/gpio/periph.go:492.2,499.12 3 0
github.com/dsyorkd/pi-controller/pkg/gpio/periph.go:502.54,507.13 4 0
github.com/dsyorkd/pi-controller/pkg/gpio/periph.go:507.13,509.3 1 0
github.com/dsyorkd/pi-controller/pkg/gpio/periph.go:512.2,512.69 1 0
github.com/dsyorkd/pi-controller/pkg/gpio/periph.go:512.69,514.3 1 0
github.com/dsyorkd/pi-controller/pkg/gpio/periph.go:516.2,517.12 2 0
github.com/dsyorkd/pi-controller/pkg/gpio/periph.go:521.88,523.18 2 0
github.com/dsyorkd/pi-controller/pkg/gpio/periph.go:523.18,525.3 1 0
github.com/dsyorkd/pi-controller/pkg/gpio/periph.go:527.2,527.6 1 0
github.com/dsyorkd/pi-controller/pkg/gpio/periph.go:527.6,529.32 1 0
github.com/dsyorkd/pi-controller/pkg/gpio/periph.go:529.32,531.37 2 0
github.com/dsyorkd/pi-controller/pkg/gpio/periph.go:531.37,533.5 1 0
github.com/dsyorkd/pi-controller/pkg/gpio/periph.go:535.4,543.18 2 0
github.com/dsyorkd/pi-controller/pkg/gpio/periph.go:547.3,551.14 4 0
github.com/dsyorkd/pi-controller/pkg/gpio/periph.go:551.14,552.9 1 0
github.com/dsyorkd/pi-controller/pkg/gpio/periph.go:557.64,561.27 3 0
github.com/dsyorkd/pi-controller/pkg/gpio/periph.go:561.27,563.3 1 0
github.com/dsyorkd/pi-controller/pkg/gpio/periph.go:565.2,568.12 3 0
github.com/dsyorkd/pi-controller/pkg/gpio/periph.go:571.44,575.26 3 0
github.com/dsyorkd/pi-controller/pkg/gpio/periph.go:575.26,580.3 4 0
github.com/dsyorkd/pi-controller/pkg/gpio/periph.go:582.2,583.12 2 0
github.com/dsyorkd/pi-controller/internal/services/cluster.go:19.87,24.2 1 0
github.com/dsyorkd/pi-controller/internal/services/cluster.go:33.84,34.20 1 0
github.com/dsyorkd/pi-controller/internal/services/cluster.go:34.20,36.3 1 0
github.com/dsyorkd/pi-controller/internal/services/cluster.go:39.2,40.46 2 0
github.com/dsyorkd/pi-controller/internal/services/cluster.go:40.46,42.3 1 0
github.com/dsyorkd/pi-controller/internal/services/cluster.go:43.2,43.21 1 0
github.com/dsyorkd/pi-controller/internal/services/cluster.go:43.21,45.3 1 0
github.com/dsyorkd/pi-controller/internal/services/cluster.go:47.2,54.16 3 0
github.com/dsyorkd/pi-controller/internal/services/cluster.go:54.16,56.3 1 0
github.com/dsyorkd/pi-controller/internal/services/cluster.go:58.2,58.21 1 0
github.com/dsyorkd/pi-controller/internal/services/cluster.go:69.93,72.16 3 0
github.com/dsyorkd/pi-controller/internal/services/cluster.go:72.16,74.3 1 0
github.com/dsyorkd/pi-controller/internal/services/cluster.go:76.2,76.21 1 0
github.com/dsyorkd/pi-controller/internal/services/cluster.go:76.21,78.3 1 0
github.com/dsyorkd/pi-controller/internal/services/cluster.go:79.2,79.28 1 0
github.com/dsyorkd/pi-controller/internal/services/cluster.go:79.28,81.3 1 0
github.com/dsyorkd/pi-controller/internal/services/cluster.go:82.2,82.23 1 0
github.com/dsyorkd/pi-controller/internal/services/cluster.go:82.23,84.3 1 0
github.com/dsyorkd/pi-controller/internal/services/cluster.go:86.2,87.16 2 0
github.com/dsyorkd/pi-controller/internal/services/cluster.go:87.16,89.3 1 0
github.com/dsyorkd/pi-controller/internal/services/cluster.go:91.2,91.22 1 0
github.com/dsyorkd/pi-controller/internal/services/cluster.go:95.48,106.2 1 0
github.com/dsyorkd/pi-controller/internal/services/cluster.go:116.89,119.16 3 0
github.com/dsyorkd/pi-controller/internal/services/cluster.go:119.16,121.3 1 0
github.com/dsyorkd/pi-controller/internal/services/cluster.go:123.2,123.44 1 0
github.com/dsyorkd/pi-controller/internal/services/cluster.go:127.68,130.16 3 0
github.com/dsyorkd/pi-controller/internal/services/cluster.go:130.16,132.3 1 0
github.com/dsyorkd/pi-controller/internal/services/cluster.go:133.2,133.22 1 0
github.com/dsyorkd/pi-controller/internal/services/cluster.go:137.74,140.16 3 0
github.com/dsyorkd/pi-controller/internal/services/cluster.go:140.16,141.45 1 0
github.com/dsyorkd/pi-controller/internal/services/cluster.go:141.45,143.4 1 0
github.com/dsyorkd/pi-controller/internal/services/cluster.go:144.3,144.18 1 0
github.com/dsyorkd/pi-controller/internal/services/cluster.go:146.2,146.22 1 0
github.com/dsyorkd/pi-controller/internal/services/cluster.go:150.74,153.16 3 0
github.com/dsyorkd/pi-controller/internal/services/cluster.go:153.16,155.3 1 0
github.com/dsyorkd/pi-controller/internal/services/cluster.go:156.2,156.19 1 0
github.com/dsyorkd/pi-controller/internal/services/cluster.go:160.75,163.16 3 0
github.com/dsyorkd/pi-controller/internal/services/cluster.go:163.16,165.3 1 0
github.com/dsyorkd/pi-controller/internal/services/cluster.go:166.2,166.28 1 0
github.com/dsyorkd/pi-controller/internal/services/deployment.go:18.86,23.2 1 9
github.com/dsyorkd/pi-controller/internal/services/deployment.go:26.121,28.16 2 3
github.com/dsyorkd/pi-controller/internal/services/deployment.go:28.16,30.3 1 1
github.com/dsyorkd/pi-controller/internal/services/deployment.go:32.2,32.48 1 2
github.com/dsyorkd/pi-controller/internal/services/deployment.go:36.114,38.16 2 3
github.com/dsyorkd/pi-controller/internal/services/deployment.go:38.16,40.3 1 1
github.com/dsyorkd/pi-controller/internal/services/deployment.go:42.2,42.46 1 2
github.com/dsyorkd/pi-controller/internal/services/deployment.go:46.102,48.16 2 3
github.com/dsyorkd/pi-controller/internal/services/deployment.go:48.16,50.3 1 1
github.com/dsyorkd/pi-controller/internal/services/deployment.go:52.2,52.49 1 2
github.com/dsyorkd/pi-controller/internal/services/errors.go:36.33,38.2 1 0
github.com/dsyorkd/pi-controller/internal/services/errors.go:41.38,43.2 1 0
github.com/dsyorkd/pi-controller/internal/services/errors.go:46.37,48.2 1 0
github.com/dsyorkd/pi-controller/internal/services/errors.go:51.37,53.2 1 0
github.com/dsyorkd/pi-controller/internal/services/errors.go:56.34,58.2 1 0
github.com/dsyorkd/pi-controller/internal/services/errors.go:61.33,63.2 1 0
github.com/dsyorkd/pi-controller/internal/services/errors.go:66.41,68.2 1 0
github.com/dsyorkd/pi-controller/internal/services/gpio.go:24.81,30.2 1 0
github.com/dsyorkd/pi-controller/internal/services/gpio.go:33.143,39.2 1 0
github.com/dsyorkd/pi-controller/internal/services/gpio.go:104.86,111.24 4 0
github.com/dsyorkd/pi-controller/internal/services/gpio.go:111.24,113.3 1 0
github.com/dsyorkd/pi-controller/internal/services/gpio.go:114.2,114.28 1 0
github.com/dsyorkd/pi-controller/internal/services/gpio.go:114.28,116.3 1 0
github.com/dsyorkd/pi-controller/internal/services/gpio.go:117.2,117.27 1 0
github.com/dsyorkd/pi-controller/internal/services/gpio.go:117.27,119.3 1 0
github.com/dsyorkd/pi-controller/internal/services/gpio.go:120.2,120.24 1 0
github.com/dsyorkd/pi-controller/internal/services/gpio.go:120.24,122.3 1 0
github.com/dsyorkd/pi-controller/internal/services/gpio.go:125.2,125.50 1 0
github.com/dsyorkd/pi-controller/internal/services/gpio.go:125.50,128.3 2 0
github.com/dsyorkd/pi-controller/internal/services/gpio.go:131.2,131.20 1 0
github.com/dsyorkd/pi-controller/internal/services/gpio.go:131.20,133.3 1 0
github.com/dsyorkd/pi-controller/internal/services/gpio.go:134.2,134.21 1 0
github.com/dsyorkd/pi-controller/internal/services/gpio.go:134.21,136.3 1 0
github.com/dsyorkd/pi-controller/internal/services/gpio.go:139.2,142.51 2 0
github.com/dsyorkd/pi-controller/internal/services/gpio.go:142.51,145.3 2 0
github.com/dsyorkd/pi-controller/internal/services/gpio.go:147.2,152.28 2 0
github.com/dsyorkd/pi-controller/internal/services/gpio.go:156.68,159.75 2 0
github.com/dsyorkd/pi-controller/internal/services/gpio.go:159.75,160.36 1 0
github.com/dsyorkd/pi-controller/internal/services/gpio.go:160.36,162.4 1 0
github.com/dsyorkd/pi-controller/internal/services/gpio.go:163.3,167.63 2 0
github.com/dsyorkd/pi-controller/internal/services/gpio.go:170.2,170.21 1 0
github.com/dsyorkd/pi-controller/internal/services/gpio.go:174.95,177.130 2 0
github.com/dsyorkd/pi-controller/internal/services/gpio.go:177.130,178.36 1 0
github.com/dsyorkd/pi-controller/internal/services/gpio.go:178.36,180.4 1 0
github.com/dsyorkd/pi-controller/internal/services/gpio.go:181.3,186.63 2 0
github.com/dsyorkd/pi-controller/internal/services/gpio.go:189.2,189.21 1 0
github.com/dsyorkd/pi-controller/internal/services/gpio.go:193.87,196.65 2 0
github.com/dsyorkd/pi-controller/internal/services/gpio.go:196.65,197.36 1 0
github.com/dsyorkd/pi-controller/internal/services/gpio.go:197.36,199.4 1 0
github.com/dsyorkd/pi-controller/internal/services/gpio.go:200.3,200.59 1 0
github.com/dsyorkd/pi-controller/internal/services/gpio.go:204.2,204.80 1 0
github.com/dsyorkd/pi-controller/internal/services/gpio.go:204.80,205.17 1 0
github.com/dsyorkd/pi-controller/internal/services/gpio.go:205.17,207.4 1 0
github.com/dsyorkd/pi-controller/internal/services/gpio.go:208.3,208.18 1 0
github.com/dsyorkd/pi-controller/internal/services/gpio.go:211.2,223.56 2 0
github.com/dsyorkd/pi-controller/internal/services/gpio.go:223.56,231.3 2 0
github.com/dsyorkd/pi-controller/internal/services/gpio.go:233.2,240.21 2 0
github.com/dsyorkd/pi-controller/internal/services/gpio.go:244.96,246.16 2 0
github.com/dsyorkd/pi-controller/internal/services/gpio.go:246.16,248.3 1 0
github.com/dsyorkd/pi-controller/internal/services/gpio.go:251.2,251.21 1 0
github.com/dsyorkd/pi-controller/internal/services/gpio.go:251.21,253.3 1 0
github.com/dsyorkd/pi-controller/internal/services/gpio.go:254.2,254.28 1 0
github.com/dsyorkd/pi-controller/internal/services/gpio.go:254.28,256.3 1 0
github.com/dsyorkd/pi-controller/internal/services/gpio.go:257.2,257.26 1 0
github.com/dsyorkd/pi-controller/internal/services/gpio.go:257.26,259.3 1 0
github.com/dsyorkd/pi-controller/internal/services/gpio.go:260.2,260.25 1 0
github.com/dsyorkd/pi-controller/internal/services/gpio.go:260.25,262.3 1 0
github.com/dsyorkd/pi-controller/internal/services/gpio.go:263.2,263.23 1 0
github.com/dsyorkd/pi-controller/internal/services/gpio.go:263.23,265.3 1 0
github.com/dsyorkd/pi-controller/internal/services/gpio.go:266.2,266.23 1 0
github.com/dsyorkd/pi-controller/internal/services/gpio.go:266.23,268.3 1 0
github.com/dsyorkd/pi-controller/internal/services/gpio.go:270.2,270.53 1 0
github.com/dsyorkd/pi-controller/internal/services/gpio.go:270.53,276.3 2 0
github.com/dsyorkd/pi-controller/internal/services/gpio.go:278.2,283.20 2 0
github.com/dsyorkd/pi-controller/internal/services/gpio.go:287.45,289.16 2 0
github.com/dsyorkd/pi-controller/internal/services/gpio.go:289.16,291.3 1 0
github.com/dsyorkd/pi-controller/internal/services/gpio.go:294.2,294.97 1 0
github.com/dsyorkd/pi-controller/internal/services/gpio.go:294.97,300.3 2 0
github.com/dsyorkd/pi-controller/internal/services/gpio.go:303.2,303.73 1 0
github.com/dsyorkd/pi-controller/internal/services/gpio.go:303.73,309.3 2 0
github.com/dsyorkd/pi-controller/internal/services/gpio.go:311.2,316.12 2 0
github.com/dsyorkd/pi-controller/internal/services/gpio.go:320.65,322.16 2 0
github.com/dsyorkd/pi-controller/internal/services/gpio.go:322.16,324.3 1 0
github.com/dsyorkd/pi-controller/internal/services/gpio.go:326.2,326.24 1 0
github.com/dsyorkd/pi-controller/internal/services/gpio.go:326.24,328.3 1 0
github.com/dsyorkd/pi-controller/internal/services/gpio.go:332.2,332.25 1 0
github.com/dsyorkd/pi-controller/internal/services/gpio.go:332.25,338.3 1 0
github.com/dsyorkd/pi-controller/internal/services/gpio.go:341.2,342.16 2 0
github.com/dsyorkd/pi-controller/internal/services/gpio.go:342.16,349.3 2 0
github.com/dsyorkd/pi-controller/internal/services/gpio.go:352.2,355.66 3 0
github.com/dsyorkd/pi-controller/internal/services/gpio.go:355.66,362.3 2 0
github.com/dsyorkd/pi-controller/internal/services/gpio.go:365.2,366.16 2 0
github.com/dsyorkd/pi-controller/internal/services/gpio.go:366.16,373.3 2 0
github.com/dsyorkd/pi-controller/internal/services/gpio.go:376.2,376.33 1 0
github.com/dsyorkd/pi-controller/internal/services/gpio.go:376.33,378.54 2 0
github.com/dsyorkd/pi-controller/internal/services/gpio.go:378.54,385.4 1 0
github.com/dsyorkd/pi-controller/internal/services/gpio.go:389.2,395.57 2 0
github.com/dsyorkd/pi-controller/internal/services/gpio.go:395.57,401.3 2 0
github.com/dsyorkd/pi-controller/internal/services/gpio.go:403.2,408.20 2 0
github.com/dsyorkd/pi-controller/internal/services/gpio.go:412.55,414.2 1 0
github.com/dsyorkd/pi-controller/internal/services/gpio.go:417.82,419.16 2 0
github.com/dsyorkd/pi-controller/internal/services/gpio.go:419.16,421.3 1 0
github.com/dsyorkd/pi-controller/internal/services/gpio.go:423.2,423.24 1 0
github.com/dsyorkd/pi-controller/internal/services/gpio.go:423.24,425.3 1 0
github.com/dsyorkd/pi-controller/internal/services/gpio.go:427.2,427.24 1 0
github.com/dsyorkd/pi-controller/internal/services/gpio.go:427.24,429.3 1 0
github.com/dsyorkd/pi-controller/internal/services/gpio.go:432.2,432.25 1 0
github.com/dsyorkd/pi-controller/internal/services/gpio.go:432.25,433.55 1 0
github.com/dsyorkd/pi-controller/internal/services/gpio.go:433.55,435.32 2 0
github.com/dsyorkd/pi-controller/internal/services/gpio.go:435.32,437.5 1 0
github.com/dsyorkd/pi-controller/internal/services/gpio.go:438.4,439.49 1 0
github.com/dsyorkd/pi-controller/internal/services/gpio.go:442.3,447.64 1 0
github.com/dsyorkd/pi-controller/internal/services/gpio.go:451.2,452.16 2 0
github.com/dsyorkd/pi-controller/internal/services/gpio.go:452.16,459.3 2 0
github.com/dsyorkd/pi-controller/internal/services/gpio.go:462.2,465.66 3 0
github.com/dsyorkd/pi-controller/internal/services/gpio.go:465.66,472.3 2 0
github.com/dsyorkd/pi-controller/internal/services/gpio.go:475.2,475.79 1 0
github.com/dsyorkd/pi-controller/internal/services/gpio.go:475.79,483.3 2 0
github.com/dsyorkd/pi-controller/internal/services/gpio.go:486.2,487.53 2 0
github.com/dsyorkd/pi-controller/internal/services/gpio.go:487.53,494.3 2 0
github.com/dsyorkd/pi-controller/internal/services/gpio.go:497.2,503.57 2 0
github.com/dsyorkd/pi-controller/internal/services/gpio.go:503.57,510.3 1 0
github.com/dsyorkd/pi-controller/internal/services/gpio.go:512.2,517.12 2 0
github.com/dsyorkd/pi-controller/internal/services/gpio.go:521.98,528.29 4 0
github.com/dsyorkd/pi-controller/internal/services/gpio.go:528.29,530.3 1 0
github.com/dsyorkd/pi-controller/internal/services/gpio.go:531.2,531.27 1 0
github.com/dsyorkd/pi-controller/internal/services/gpio.go:531.27,533.3 1 0
github.com/dsyorkd/pi-controller/internal/services/gpio.go:536.2,536.50 1 0
github.com/dsyorkd/pi-controller/internal/services/gpio.go:536.50,539.3 2 0
github.com/dsyorkd/pi-controller/internal/services/gpio.go:542.2,543.22 2 0
github.com/dsyorkd/pi-controller/internal/services/gpio.go:543.22,545.3 1 0
github.com/dsyorkd/pi-controller/internal/services/gpio.go:546.2,546.23 1 0
github.com/dsyorkd/pi-controller/internal/services/gpio.go:546.23,548.3 1 0
github.com/dsyorkd/pi-controller/internal/services/gpio.go:551.2,551.52 1 0
github.com/dsyorkd/pi-controller/internal/services/gpio.go:551.52,557.3 2 0
github.com/dsyorkd/pi-controller/internal/services/gpio.go:559.2,565.29 2 0
github.com/dsyorkd/pi-controller/internal/services/gpio.go:569.82,573.25 3 0
github.com/dsyorkd/pi-controller/internal/services/gpio.go:573.25,576.3 2 0
github.com/dsyorkd/pi-controller/internal/services/gpio.go:578.2,583.33 2 0
github.com/dsyorkd/pi-controller/internal/services/gpio.go:587.77,589.16 2 0
github.com/dsyorkd/pi-controller/internal/services/gpio.go:589.16,591.3 1 0
github.com/dsyorkd/pi-controller/internal/services/gpio.go:594.2,594.63 1 0
github.com/dsyorkd/pi-controller/internal/services/gpio.go:594.63,597.3 1 0
github.com/dsyorkd/pi-controller/internal/services/gpio.go:600.2,602.53 2 0
github.com/dsyorkd/pi-controller/internal/services/gpio.go:602.53,609.3 2 0
github.com/dsyorkd/pi-controller/internal/services/gpio.go:611.2,619.12 2 0
github.com/dsyorkd/pi-controller/internal/services/gpio.go:623.73,625.16 2 0
github.com/dsyorkd/pi-controller/internal/services/gpio.go:625.16,627.3 1 0
github.com/dsyorkd/pi-controller/internal/services/gpio.go:630.2,630.26 1 0
github.com/dsyorkd/pi-controller/internal/services/gpio.go:630.26,633.3 1 0
github.com/dsyorkd/pi-controller/internal/services/gpio.go:636.2,636.40 1 0
github.com/dsyorkd/pi-controller/internal/services/gpio.go:636.40,639.3 1 0
github.com/dsyorkd/pi-controller/internal/services/gpio.go:641.2,643.53 2 0
github.com/dsyorkd/pi-controller/internal/services/gpio.go:643.53,650.3 2 0
github.com/dsyorkd/pi-controller/internal/services/gpio.go:652.2,659.12 2 0
github.com/dsyorkd/pi-controller/internal/services/gpio.go:663.72,667.104 2 0
github.com/dsyorkd/pi-controller/internal/services/gpio.go:667.104,670.3 2 0
github.com/dsyorkd/pi-controller/internal/services/gpio.go:673.2,675.33 2 0
github.com/dsyorkd/pi-controller/internal/services/gpio.go:675.33,677.36 1 0
github.com/dsyorkd/pi-controller/internal/services/gpio.go:677.36,679.33 1 0
github.com/dsyorkd/pi-controller/internal/services/gpio.go:679.33,681.52 2 0
github.com/dsyorkd/pi-controller/internal/services/gpio.go:681.52,686.6 1 0
github.com/dsyorkd/pi-controller/internal/services/gpio.go:688.4,688.12 1 0
github.com/dsyorkd/pi-controller/internal/services/gpio.go:691.3,699.51 2 0
github.com/dsyorkd/pi-controller/internal/services/gpio.go:702.2,706.26 2 0
github.com/dsyorkd/pi-controller/internal/services/gpio.go:710.67,715.156 3 0
github.com/dsyorkd/pi-controller/internal/services/gpio.go:715.156,718.3 2 0
github.com/dsyorkd/pi-controller/internal/services/gpio.go:720.2,720.30 1 0
github.com/dsyorkd/pi-controller/internal/services/gpio.go:720.30,722.3 1 0
github.com/dsyorkd/pi-controller/internal/services/gpio.go:725.2,725.32 1 0
github.com/dsyorkd/pi-controller/internal/services/gpio.go:725.32,727.3 1 0
github.com/dsyorkd/pi-controller/internal/services/gpio.go:730.2,730.55 1 0
github.com/dsyorkd/pi-controller/internal/services/gpio.go:730.55,731.41 1 0
github.com/dsyorkd/pi-controller/internal/services/gpio.go:731.41,732.49 1 0
github.com/dsyorkd/pi-controller/internal/services/gpio.go:732.49,734.5 1 0
github.com/dsyorkd/pi-controller/internal/services/gpio.go:736.3,736.13 1 0
github.com/dsyorkd/pi-controller/internal/services/gpio.go:739.2,739.16 1 0
github.com/dsyorkd/pi-controller/internal/services/gpio.go:739.16,745.3 2 0
github.com/dsyorkd/pi-controller/internal/services/gpio.go:747.2,751.40 2 0
github.com/dsyorkd/pi-controller/internal/services/gpio.go:755.37,758.50 2 0
github.com/dsyorkd/pi-controller/internal/services/gpio.go:758.50,761.3 2 0
github.com/dsyorkd/pi-controller/internal/services/gpio.go:763.2,764.12 2 0
github.com/dsyorkd/pi-controller/internal/services/node.go:21.81,26.2 1 0
github.com/dsyorkd/pi-controller/internal/services/node.go:72.80,79.27 4 0
github.com/dsyorkd/pi-controller/internal/services/node.go:79.27,81.3 1 0
github.com/dsyorkd/pi-controller/internal/services/node.go:82.2,82.24 1 0
github.com/dsyorkd/pi-controller/internal/services/node.go:82.24,84.3 1 0
github.com/dsyorkd/pi-controller/internal/services/node.go:85.2,85.22 1 0
github.com/dsyorkd/pi-controller/internal/services/node.go:85.22,87.3 1 0
github.com/dsyorkd/pi-controller/internal/services/node.go:90.2,90.50 1 0
github.com/dsyorkd/pi-controller/internal/services/node.go:90.50,93.3 2 0
github.com/dsyorkd/pi-controller/internal/services/node.go:96.2,96.20 1 0
github.com/dsyorkd/pi-controller/internal/services/node.go:96.20,98.3 1 0
github.com/dsyorkd/pi-controller/internal/services/node.go:99.2,99.21 1 0
github.com/dsyorkd/pi-controller/internal/services/node.go:99.21,101.3 1 0
github.com/dsyorkd/pi-controller/internal/services/node.go:104.2,104.22 1 0
github.com/dsyorkd/pi-controller/internal/services/node.go:104.22,106.3 1 0
github.com/dsyorkd/pi-controller/internal/services/node.go:107.2,110.49 2 0
github.com/dsyorkd/pi-controller/internal/services/node.go:110.49,113.3 2 0
github.com/dsyorkd/pi-controller/internal/services/node.go:115.2,120.26 2 0
github.com/dsyorkd/pi-controller/internal/services/node.go:124.80,128.17 3 0
github.com/dsyorkd/pi-controller/internal/services/node.go:128.17,130.3 1 0
github.com/dsyorkd/pi-controller/internal/services/node.go:132.2,132.53 1 0
github.com/dsyorkd/pi-controller/internal/services/node.go:132.53,133.36 1 0
github.com/dsyorkd/pi-controller/internal/services/node.go:133.36,135.4 1 0
github.com/dsyorkd/pi-controller/internal/services/node.go:136.3,140.56 2 0
github.com/dsyorkd/pi-controller/internal/services/node.go:143.2,143.19 1 0
github.com/dsyorkd/pi-controller/internal/services/node.go:147.68,150.96 2 0
github.com/dsyorkd/pi-controller/internal/services/node.go:150.96,151.36 1 0
github.com/dsyorkd/pi-controller/internal/services/node.go:151.36,153.4 1 0
github.com/dsyorkd/pi-controller/internal/services/node.go:154.3,158.56 2 0
github.com/dsyorkd/pi-controller/internal/services/node.go:161.2,161.19 1 0
github.com/dsyorkd/pi-controller/internal/services/node.go:165.78,168.107 2 0
github.com/dsyorkd/pi-controller/internal/services/node.go:168.107,169.36 1 0
github.com/dsyorkd/pi-controller/internal/services/node.go:169.36,171.4 1 0
github.com/dsyorkd/pi-controller/internal/services/node.go:172.3,176.56 2 0
github.com/dsyorkd/pi-controller/internal/services/node.go:179.2,179.19 1 0
github.com/dsyorkd/pi-controller/internal/services/node.go:183.75,185.57 1 0
github.com/dsyorkd/pi-controller/internal/services/node.go:185.57,186.17 1 0
github.com/dsyorkd/pi-controller/internal/services/node.go:186.17,188.4 1 0
github.com/dsyorkd/pi-controller/internal/services/node.go:189.3,189.18 1 0
github.com/dsyorkd/pi-controller/internal/services/node.go:193.2,193.67 1 0
github.com/dsyorkd/pi-controller/internal/services/node.go:193.67,194.17 1 0
github.com/dsyorkd/pi-controller/internal/services/node.go:194.17,196.4 1 0
github.com/dsyorkd/pi-controller/internal/services/node.go:197.3,197.18 1 0
github.com/dsyorkd/pi-controller/internal/services/node.go:201.2,201.26 1 0
github.com/dsyorkd/pi-controller/internal/services/node.go:201.26,203.73 2 0
github.com/dsyorkd/pi-controller/internal/services/node.go:203.73,204.37 1 0
github.com/dsyorkd/pi-controller/internal/services/node.go:204.37,206.5 1 0
github.com/dsyorkd/pi-controller/internal/services/node.go:207.4,207.63 1 0
github.com/dsyorkd/pi-controller/internal/services/node.go:211.2,226.54 2 0
github.com/dsyorkd/pi-controller/internal/services/node.go:226.54,232.3 2 0
github.com/dsyorkd/pi-controller/internal/services/node.go:234.2,240.19 2 0
github.com/dsyorkd/pi-controller/internal/services/node.go:244.84,246.16 2 0
github.com/dsyorkd/pi-controller/internal/services/node.go:246.16,248.3 1 0
github.com/dsyorkd/pi-controller/internal/services/node.go:251.2,251.47 1 0
github.com/dsyorkd/pi-controller/internal/services/node.go:251.47,252.59 1 0
github.com/dsyorkd/pi-controller/internal/services/node.go:252.59,253.18 1 0
github.com/dsyorkd/pi-controller/internal/services/node.go:253.18,255.5 1 0
github.com/dsyorkd/pi-controller/internal/services/node.go:256.4,256.19 1 0
github.com/dsyorkd/pi-controller/internal/services/node.go:258.3,258.24 1 0
github.com/dsyorkd/pi-controller/internal/services/node.go:262.2,262.62 1 0
github.com/dsyorkd/pi-controller/internal/services/node.go:262.62,263.69 1 0
github.com/dsyorkd/pi-controller/internal/services/node.go:263.69,264.18 1 0
github.com/dsyorkd/pi-controller/internal/services/node.go:264.18,266.5 1 0
github.com/dsyorkd/pi-controller/internal/services/node.go:267.4,267.19 1 0
github.com/dsyorkd/pi-controller/internal/services/node.go:269.3,269.34 1 0
github.com/dsyorkd/pi-controller/internal/services/node.go:273.2,273.61 1 0
github.com/dsyorkd/pi-controller/internal/services/node.go:273.61,275.73 2 0
github.com/dsyorkd/pi-controller/internal/services/node.go:275.73,276.37 1 0
github.com/dsyorkd/pi-controller/internal/services/node.go:276.37,278.5 1 0
github.com/dsyorkd/pi-controller/internal/services/node.go:279.4,279.63 1 0
github.com/dsyorkd/pi-controller/internal/services/node.go:281.3,281.33 1 0
github.com/dsyorkd/pi-controller/internal/services/node.go:285.2,285.27 1 0
github.com/dsyorkd/pi-controller/internal/services/node.go:285.27,287.3 1 0
github.com/dsyorkd/pi-controller/internal/services/node.go:288.2,288.23 1 0
github.com/dsyorkd/pi-controller/internal/services/node.go:288.23,290.3 1 0
github.com/dsyorkd/pi-controller/internal/services/node.go:291.2,291.21 1 0
github.com/dsyorkd/pi-controller/internal/services/node.go:291.21,293.3 1 0
github.com/dsyorkd/pi-controller/internal/services/node.go:294.2,294.29 1 0
github.com/dsyorkd/pi-controller/internal/services/node.go:294.29,296.3 1 0
github.com/dsyorkd/pi-controller/internal/services/node.go:297.2,297.22 1 0
github.com/dsyorkd/pi-controller/internal/services/node.go:297.22,299.3 1 0
github.com/dsyorkd/pi-controller/internal/services/node.go:300.2,300.29 1 0
github.com/dsyorkd/pi-controller/internal/services/node.go:300.29,302.3 1 0
github.com/dsyorkd/pi-controller/internal/services/node.go:303.2,303.25 1 0
github.com/dsyorkd/pi-controller/internal/services/node.go:303.25,305.3 1 0
github.com/dsyorkd/pi-controller/internal/services/node.go:306.2,306.23 1 0
github.com/dsyorkd/pi-controller/internal/services/node.go:306.23,308.3 1 0
github.com/dsyorkd/pi-controller/internal/services/node.go:309.2,309.26 1 0
github.com/dsyorkd/pi-controller/internal/services/node.go:309.26,311.3 1 0
github.com/dsyorkd/pi-controller/internal/services/node.go:312.2,312.30 1 0
github.com/dsyorkd/pi-controller/internal/services/node.go:312.30,314.3 1 0
github.com/dsyorkd/pi-controller/internal/services/node.go:315.2,315.28 1 0
github.com/dsyorkd/pi-controller/internal/services/node.go:315.28,317.3 1 0
github.com/dsyorkd/pi-controller/internal/services/node.go:318.2,318.25 1 0
github.com/dsyorkd/pi-controller/internal/services/node.go:318.25,320.3 1 0
github.com/dsyorkd/pi-controller/internal/services/node.go:322.2,322.51 1 0
github.com/dsyorkd/pi-controller/internal/services/node.go:322.51,328.3 2 0
github.com/dsyorkd/pi-controller/internal/services/node.go:330.2,335.18 2 0
github.com/dsyorkd/pi-controller/internal/services/node.go:339.45,341.16 2 0
github.com/dsyorkd/pi-controller/internal/services/node.go:341.16,343.3 1 0
github.com/dsyorkd/pi-controller/internal/services/node.go:346.2,346.31 1 0
github.com/dsyorkd/pi-controller/internal/services/node.go:346.31,348.3 1 0
github.com/dsyorkd/pi-controller/internal/services/node.go:350.2,350.67 1 0
github.com/dsyorkd/pi-controller/internal/services/node.go:350.67,356.3 2 0
github.com/dsyorkd/pi-controller/internal/services/node.go:358.2,363.12 2 0
github.com/dsyorkd/pi-controller/internal/services/node.go:367.53,368.114 1 0
github.com/dsyorkd/pi-controller/internal/services/node.go:368.114,374.3 2 0
github.com/dsyorkd/pi-controller/internal/services/node.go:376.2,376.12 1 0
github.com/dsyorkd/pi-controller/internal/services/node.go:380.80,382.16 2 0
github.com/dsyorkd/pi-controller/internal/services/node.go:382.16,384.3 1 0
github.com/dsyorkd/pi-controller/internal/services/node.go:386.2,387.85 2 0
github.com/dsyorkd/pi-controller/internal/services/node.go:387.85,393.3 2 0
github.com/dsyorkd/pi-controller/internal/services/node.go:395.2,395.21 1 0
github.com/dsyorkd/pi-controller/internal/services/node.go:399.64,401.16 2 0
github.com/dsyorkd/pi-controller/internal/services/node.go:401.16,403.3 1 0
github.com/dsyorkd/pi-controller/internal/services/node.go:406.2,407.67 2 0
github.com/dsyorkd/pi-controller/internal/services/node.go:407.67,408.36 1 0
github.com/dsyorkd/pi-controller/internal/services/node.go:408.36,410.4 1 0
github.com/dsyorkd/pi-controller/internal/services/node.go:411.3,411.57 1 0
github.com/dsyorkd/pi-controller/internal/services/node.go:415.2,418.51 3 0
github.com/dsyorkd/pi-controller/internal/services/node.go:418.51,425.3 2 0
github.com/dsyorkd/pi-controller/internal/services/node.go:427.2,434.12 2 0
github.com/dsyorkd/pi-controller/internal/services/node.go:438.50,440.16 2 0
github.com/dsyorkd/pi-controller/internal/services/node.go:440.16,442.3 1 0
github.com/dsyorkd/pi-controller/internal/services/node.go:444.2,452.51 6 0
github.com/dsyorkd/pi-controller/internal/services/node.go:452.51,458.3 2 0
github.com/dsyorkd/pi-controller/internal/services/node.go:460.2,466.12 2 0
github.com/dsyorkd/pi-controller/internal/services/pin.go:14.53,18.2 1 6
github.com/dsyorkd/pi-controller/internal/services/pin.go:21.66,23.2 1 2
github.com/dsyorkd/pi-controller/internal/services/pin.go:26.61,28.2 1 2
github.com/dsyorkd/pi-controller/internal/services/pin.go:31.62,33.2 1 2
github.com/dsyorkd/pi-controller/internal/api/handlers/cluster.go:20.99,25.2 1 0
github.com/dsyorkd/pi-controller/internal/api/handlers/cluster.go:30.47,41.16 5 0
github.com/dsyorkd/pi-controller/internal/api/handlers/cluster.go:41.16,44.3 2 0
github.com/dsyorkd/pi-controller/internal/api/handlers/cluster.go:46.2,52.4 1 0
github.com/dsyorkd/pi-controller/internal/api/handlers/cluster.go:56.49,58.47 2 0
github.com/dsyorkd/pi-controller/internal/api/handlers/cluster.go:58.47,64.3 2 0
github.com/dsyorkd/pi-controller/internal/api/handlers/cluster.go:66.2,67.16 2 0
github.com/dsyorkd/pi-controller/internal/api/handlers/cluster.go:67.16,70.3 2 0
github.com/dsyorkd/pi-controller/internal/api/handlers/cluster.go:72.2,73.37 2 0
github.com/dsyorkd/pi-controller/internal/api/handlers/cluster.go:77.46,79.16 2 0
github.com/dsyorkd/pi-controller/internal/api/handlers/cluster.go:79.16,85.3 2 0
github.com/dsyorkd/pi-controller/internal/api/handlers/cluster.go:87.2,88.16 2 0
github.com/dsyorkd/pi-controller/internal/api/handlers/cluster.go:88.16,91.3 2 0
github.com/dsyorkd/pi-controller/internal/api/handlers/cluster.go:93.2,93.32 1 0
github.com/dsyorkd/pi-controller/internal/api/handlers/cluster.go:97.49,99.16 2 0
github.com/dsyorkd/pi-controller/internal/api/handlers/cluster.go:99.16,105.3 2 0
github.com/dsyorkd/pi-controller/internal/api/handlers/cluster.go:107.2,108.47 2 0
github.com/dsyorkd/pi-controller/internal/api/handlers/cluster.go:108.47,114.3 2 0
github.com/dsyorkd/pi-controller/internal/api/handlers/cluster.go:116.2,117.16 2 0
github.com/dsyorkd/pi-controller/internal/api/handlers/cluster.go:117.16,120.3 2 0
github.com/dsyorkd/pi-controller/internal/api/handlers/cluster.go:122.2,123.32 2 0
github.com/dsyorkd/pi-controller/internal/api/handlers/cluster.go:127.49,129.16 2 0
github.com/dsyorkd/pi-controller/internal/api/handlers/cluster.go:129.16,135.3 2 0
github.com/dsyorkd/pi-controller/internal/api/handlers/cluster.go:137.2,137.51 1 0
github.com/dsyorkd/pi-controller/internal/api/handlers/cluster.go:137.51,140.3 2 0
github.com/dsyorkd/pi-controller/internal/api/handlers/cluster.go:142.2,143.35 2 0
github.com/dsyorkd/pi-controller/internal/api/handlers/cluster.go:147.52,149.16 2 0
github.com/dsyorkd/pi-controller/internal/api/handlers/cluster.go:149.16,155.3 2 0
github.com/dsyorkd/pi-controller/internal/api/handlers/cluster.go:157.2,158.16 2 0
github.com/dsyorkd/pi-controller/internal/api/handlers/cluster.go:158.16,161.3 2 0
github.com/dsyorkd/pi-controller/internal/api/handlers/cluster.go:163.2,167.4 1 0
github.com/dsyorkd/pi-controller/internal/api/handlers/cluster.go:171.49,173.16 2 0
github.com/dsyorkd/pi-controller/internal/api/handlers/cluster.go:173.16,179.3 2 0
github.com/dsyorkd/pi-controller/internal/api/handlers/cluster.go:181.2,182.16 2 0
github.com/dsyorkd/pi-controller/internal/api/handlers/cluster.go:182.16,185.3 2 0
github.com/dsyorkd/pi-controller/internal/api/handlers/cluster.go:187.2,187.31 1 0
github.com/dsyorkd/pi-controller/internal/api/handlers/cluster.go:191.88,194.30 2 0
github.com/dsyorkd/pi-controller/internal/api/handlers/cluster.go:194.30,200.3 2 0
github.com/dsyorkd/pi-controller/internal/api/handlers/cluster.go:202.2,202.35 1 0
github.com/dsyorkd/pi-controller/internal/api/handlers/cluster.go:202.35,208.3 2 0
github.com/dsyorkd/pi-controller/internal/api/handlers/cluster.go:210.2,210.47 1 0
github.com/dsyorkd/pi-controller/internal/api/handlers/cluster.go:210.47,216.3 2 0
github.com/dsyorkd/pi-controller/internal/api/handlers/cluster.go:218.2,218.38 1 0
github.com/dsyorkd/pi-controller/internal/api/handlers/cluster.go:218.38,224.3 2 0
github.com/dsyorkd/pi-controller/internal/api/handlers/cluster.go:227.2,230.4 1 0
github.com/dsyorkd/pi-controller/internal/api/handlers/gpio.go:20.90,25.2 1 0
github.com/dsyorkd/pi-controller/internal/api/handlers/gpio.go:28.50,32.16 3 0
github.com/dsyorkd/pi-controller/internal/api/handlers/gpio.go:32.16,39.3 3 0
github.com/dsyorkd/pi-controller/internal/api/handlers/gpio.go:42.2,43.47 2 0
github.com/dsyorkd/pi-controller/internal/api/handlers/gpio.go:43.47,50.3 3 0
github.com/dsyorkd/pi-controller/internal/api/handlers/gpio.go:53.2,53.60 1 0
github.com/dsyorkd/pi-controller/internal/api/handlers/gpio.go:53.60,59.14 2 0
github.com/dsyorkd/pi-controller/internal/api/handlers/gpio.go:60.29,64.6 1 0
github.com/dsyorkd/pi-controller/internal/api/handlers/gpio.go:65.34,69.6 1 0
github.com/dsyorkd/pi-controller/internal/api/handlers/gpio.go:70.11,74.6 1 0
github.com/dsyorkd/pi-controller/internal/api/handlers/gpio.go:76.3,76.9 1 0
github.com/dsyorkd/pi-controller/internal/api/handlers/gpio.go:79.2,88.4 2 0
github.com/dsyorkd/pi-controller/internal/api/handlers/gpio.go:92.50,96.16 3 0
github.com/dsyorkd/pi-controller/internal/api/handlers/gpio.go:96.16,103.3 3 0
github.com/dsyorkd/pi-controller/internal/api/handlers/gpio.go:106.2,107.47 2 0
github.com/dsyorkd/pi-controller/internal/api/handlers/gpio.go:107.47,114.3 3 0
github.com/dsyorkd/pi-controller/internal/api/handlers/gpio.go:117.2,117.60 1 0
github.com/dsyorkd/pi-controller/internal/api/handlers/gpio.go:117.60,123.14 2 0
github.com/dsyorkd/pi-controller/internal/api/handlers/gpio.go:124.29,128.6 1 0
github.com/dsyorkd/pi-controller/internal/api/handlers/gpio.go:129.37,133.6 1 0
github.com/dsyorkd/pi-controller/internal/api/handlers/gpio.go:134.11,138.6 1 0
github.com/dsyorkd/pi-controller/internal/api/handlers/gpio.go:140.3,140.9 1 0
github.com/dsyorkd/pi-controller/internal/api/handlers/gpio.go:143.2,152.4 2 0
github.com/dsyorkd/pi-controller/internal/api/handlers/gpio.go:156.55,158.16 2 0
github.com/dsyorkd/pi-controller/internal/api/handlers/gpio.go:158.16,165.3 3 0
github.com/dsyorkd/pi-controller/internal/api/handlers/gpio.go:167.2,172.4 2 0
github.com/dsyorkd/pi-controller/internal/api/handlers/gpio.go:176.66,178.16 2 0
github.com/dsyorkd/pi-controller/internal/api/handlers/gpio.go:178.16,185.3 3 0
github.com/dsyorkd/pi-controller/internal/api/handlers/gpio.go:187.2,192.4 2 0
github.com/dsyorkd/pi-controller/internal/api/handlers/gpio_stub.go:10.44,15.2 1 0
github.com/dsyorkd/pi-controller/internal/api/handlers/gpio_stub.go:18.46,23.2 1 0
github.com/dsyorkd/pi-controller/internal/api/handlers/gpio_stub.go:26.43,31.2 1 0
github.com/dsyorkd/pi-controller/internal/api/handlers/gpio_stub.go:34.46,39.2 1 0
github.com/dsyorkd/pi-controller/internal/api/handlers/gpio_stub.go:42.46,47.2 1 0
github.com/dsyorkd/pi-controller/internal/api/handlers/gpio_stub.go:50.44,55.2 1 0
github.com/dsyorkd/pi-controller/internal/api/handlers/gpio_stub.go:58.45,63.2 1 0
github.com/dsyorkd/pi-controller/internal/api/handlers/gpio_stub.go:66.51,71.2 1 0
github.com/dsyorkd/pi-controller/internal/api/handlers/health.go:19.60,23.2 1 5
github.com/dsyorkd/pi-controller/internal/api/handlers/health.go:43.48,51.2 2 27
github.com/dsyorkd/pi-controller/internal/api/handlers/health.go:54.47,60.44 4 28
github.com/dsyorkd/pi-controller/internal/api/handlers/health.go:60.44,64.3 3 1
github.com/dsyorkd/pi-controller/internal/api/handlers/health.go:64.8,66.3 1 27
github.com/dsyorkd/pi-controller/internal/api/handlers/health.go:68.2,74.30 2 28
github.com/dsyorkd/pi-controller/internal/api/handlers/health.go:78.33,108.2 4 2
github.com/dsyorkd/pi-controller/internal/api/handlers/health.go:111.36,126.2 4 1
github.com/dsyorkd/pi-controller/internal/api/handlers/node.go:15.90,20.2 1 0
github.com/dsyorkd/pi-controller/internal/api/handlers/node_stub.go:10.44,15.2 1 0
github.com/dsyorkd/pi-controller/internal/api/handlers/node_stub.go:18.46,23.2 1 0
github.com/dsyorkd/pi-controller/internal/api/handlers/node_stub.go:26.43,31.2 1 0
github.com/dsyorkd/pi-controller/internal/api/handlers/node_stub.go:34.46,39.2 1 0
github.com/dsyorkd/pi-controller/internal/api/handlers/node_stub.go:42.46,47.2 1 0
github.com/dsyorkd/pi-controller/internal/api/handlers/node_stub.go:50.48,55.2 1 0
github.com/dsyorkd/pi-controller/internal/api/handlers/node_stub.go:58.49,63.2 1 0
github.com/dsyorkd/pi-controller/internal/api/handlers/node_stub.go:66.51,71.2 1 0
