mode: atomic
github.com/spenceryork/pi-controller/pkg/gpio/controller.go:41.46,51.2 1 12
github.com/spenceryork/pi-controller/pkg/gpio/controller.go:67.103,68.19 1 12
github.com/spenceryork/pi-controller/pkg/gpio/controller.go:68.19,70.3 1 0
github.com/spenceryork/pi-controller/pkg/gpio/controller.go:71.2,71.27 1 12
github.com/spenceryork/pi-controller/pkg/gpio/controller.go:71.27,73.3 1 0
github.com/spenceryork/pi-controller/pkg/gpio/controller.go:75.2,86.21 3 12
github.com/spenceryork/pi-controller/pkg/gpio/controller.go:86.21,90.3 3 11
github.com/spenceryork/pi-controller/pkg/gpio/controller.go:90.8,96.3 3 1
github.com/spenceryork/pi-controller/pkg/gpio/controller.go:98.2,105.19 2 12
github.com/spenceryork/pi-controller/pkg/gpio/controller.go:109.49,111.49 1 12
github.com/spenceryork/pi-controller/pkg/gpio/controller.go:111.49,113.57 2 48
github.com/spenceryork/pi-controller/pkg/gpio/controller.go:113.57,114.36 1 110
github.com/spenceryork/pi-controller/pkg/gpio/controller.go:114.36,116.10 2 26
github.com/spenceryork/pi-controller/pkg/gpio/controller.go:119.3,119.13 1 48
github.com/spenceryork/pi-controller/pkg/gpio/controller.go:119.13,121.4 1 22
github.com/spenceryork/pi-controller/pkg/gpio/controller.go:125.2,125.32 1 12
github.com/spenceryork/pi-controller/pkg/gpio/controller.go:126.29,129.132 2 0
github.com/spenceryork/pi-controller/pkg/gpio/controller.go:131.27,131.27 0 12
github.com/spenceryork/pi-controller/pkg/gpio/controller.go:135.31,137.42 1 0
github.com/spenceryork/pi-controller/pkg/gpio/controller.go:137.43,139.4 0 0
github.com/spenceryork/pi-controller/pkg/gpio/controller.go:142.2,146.43 1 12
github.com/spenceryork/pi-controller/pkg/gpio/controller.go:150.60,151.47 1 12
github.com/spenceryork/pi-controller/pkg/gpio/controller.go:151.47,154.3 2 0
github.com/spenceryork/pi-controller/pkg/gpio/controller.go:156.2,157.12 2 12
github.com/spenceryork/pi-controller/pkg/gpio/controller.go:161.36,162.39 1 12
github.com/spenceryork/pi-controller/pkg/gpio/controller.go:162.39,165.3 2 0
github.com/spenceryork/pi-controller/pkg/gpio/controller.go:167.2,168.12 2 12
github.com/spenceryork/pi-controller/pkg/gpio/controller.go:172.41,174.2 1 0
github.com/spenceryork/pi-controller/pkg/gpio/controller.go:177.83,179.49 1 43
github.com/spenceryork/pi-controller/pkg/gpio/controller.go:179.49,181.3 1 2
github.com/spenceryork/pi-controller/pkg/gpio/controller.go:184.2,184.38 1 41
github.com/spenceryork/pi-controller/pkg/gpio/controller.go:184.38,187.3 2 6
github.com/spenceryork/pi-controller/pkg/gpio/controller.go:190.2,190.71 1 35
github.com/spenceryork/pi-controller/pkg/gpio/controller.go:190.71,193.3 2 4
github.com/spenceryork/pi-controller/pkg/gpio/controller.go:196.2,196.53 1 31
github.com/spenceryork/pi-controller/pkg/gpio/controller.go:196.53,197.24 1 150
github.com/spenceryork/pi-controller/pkg/gpio/controller.go:197.24,200.4 2 0
github.com/spenceryork/pi-controller/pkg/gpio/controller.go:204.2,204.35 1 31
github.com/spenceryork/pi-controller/pkg/gpio/controller.go:204.35,206.51 2 31
github.com/spenceryork/pi-controller/pkg/gpio/controller.go:206.51,207.25 1 66
github.com/spenceryork/pi-controller/pkg/gpio/controller.go:207.25,209.10 2 29
github.com/spenceryork/pi-controller/pkg/gpio/controller.go:212.3,212.15 1 31
github.com/spenceryork/pi-controller/pkg/gpio/controller.go:212.15,215.4 2 2
github.com/spenceryork/pi-controller/pkg/gpio/controller.go:219.2,219.25 1 29
github.com/spenceryork/pi-controller/pkg/gpio/controller.go:219.25,221.3 1 0
github.com/spenceryork/pi-controller/pkg/gpio/controller.go:223.2,224.12 2 29
github.com/spenceryork/pi-controller/pkg/gpio/controller.go:228.56,229.49 1 35
github.com/spenceryork/pi-controller/pkg/gpio/controller.go:229.49,230.25 1 131
github.com/spenceryork/pi-controller/pkg/gpio/controller.go:230.25,232.4 1 4
github.com/spenceryork/pi-controller/pkg/gpio/controller.go:234.2,234.14 1 31
github.com/spenceryork/pi-controller/pkg/gpio/controller.go:238.51,242.54 3 43
github.com/spenceryork/pi-controller/pkg/gpio/controller.go:242.54,244.3 1 2
github.com/spenceryork/pi-controller/pkg/gpio/controller.go:246.2,249.12 2 41
github.com/spenceryork/pi-controller/pkg/gpio/controller.go:249.12,252.22 3 41
github.com/spenceryork/pi-controller/pkg/gpio/controller.go:252.22,254.4 1 0
github.com/spenceryork/pi-controller/pkg/gpio/controller.go:255.3,255.21 1 0
github.com/spenceryork/pi-controller/pkg/gpio/controller.go:258.2,258.12 1 41
github.com/spenceryork/pi-controller/pkg/gpio/controller.go:262.64,263.50 1 41
github.com/spenceryork/pi-controller/pkg/gpio/controller.go:263.50,265.3 1 0
github.com/spenceryork/pi-controller/pkg/gpio/controller.go:267.2,267.63 1 41
github.com/spenceryork/pi-controller/pkg/gpio/controller.go:267.63,268.29 1 98
github.com/spenceryork/pi-controller/pkg/gpio/controller.go:268.29,270.4 1 35
github.com/spenceryork/pi-controller/pkg/gpio/controller.go:272.2,272.14 1 6
github.com/spenceryork/pi-controller/pkg/gpio/controller.go:276.74,277.72 1 22
github.com/spenceryork/pi-controller/pkg/gpio/controller.go:277.72,279.3 1 7
github.com/spenceryork/pi-controller/pkg/gpio/controller.go:282.2,282.27 1 15
github.com/spenceryork/pi-controller/pkg/gpio/controller.go:282.27,284.3 1 2
github.com/spenceryork/pi-controller/pkg/gpio/controller.go:287.2,287.29 1 15
github.com/spenceryork/pi-controller/pkg/gpio/controller.go:287.29,288.34 1 1
github.com/spenceryork/pi-controller/pkg/gpio/controller.go:288.34,290.4 1 0
github.com/spenceryork/pi-controller/pkg/gpio/controller.go:291.3,291.32 1 1
github.com/spenceryork/pi-controller/pkg/gpio/controller.go:291.32,293.4 1 0
github.com/spenceryork/pi-controller/pkg/gpio/controller.go:296.2,296.52 1 15
github.com/spenceryork/pi-controller/pkg/gpio/controller.go:296.52,305.3 3 0
github.com/spenceryork/pi-controller/pkg/gpio/controller.go:308.2,325.12 6 15
github.com/spenceryork/pi-controller/pkg/gpio/controller.go:329.72,330.60 1 3
github.com/spenceryork/pi-controller/pkg/gpio/controller.go:330.60,332.3 1 0
github.com/spenceryork/pi-controller/pkg/gpio/controller.go:334.2,335.16 2 3
github.com/spenceryork/pi-controller/pkg/gpio/controller.go:335.16,343.3 3 2
github.com/spenceryork/pi-controller/pkg/gpio/controller.go:346.2,347.48 2 1
github.com/spenceryork/pi-controller/pkg/gpio/controller.go:347.48,350.3 2 1
github.com/spenceryork/pi-controller/pkg/gpio/controller.go:351.2,360.19 4 1
github.com/spenceryork/pi-controller/pkg/gpio/controller.go:364.77,365.61 1 5
github.com/spenceryork/pi-controller/pkg/gpio/controller.go:365.61,367.3 1 1
github.com/spenceryork/pi-controller/pkg/gpio/controller.go:370.2,371.48 2 4
github.com/spenceryork/pi-controller/pkg/gpio/controller.go:371.48,372.41 1 3
github.com/spenceryork/pi-controller/pkg/gpio/controller.go:372.41,376.4 3 1
github.com/spenceryork/pi-controller/pkg/gpio/controller.go:378.2,380.52 2 3
github.com/spenceryork/pi-controller/pkg/gpio/controller.go:380.52,389.3 3 1
github.com/spenceryork/pi-controller/pkg/gpio/controller.go:392.2,393.48 2 2
github.com/spenceryork/pi-controller/pkg/gpio/controller.go:393.48,396.3 2 2
github.com/spenceryork/pi-controller/pkg/gpio/controller.go:397.2,406.12 4 2
github.com/spenceryork/pi-controller/pkg/gpio/controller.go:410.77,411.60 1 7
github.com/spenceryork/pi-controller/pkg/gpio/controller.go:411.60,413.3 1 0
github.com/spenceryork/pi-controller/pkg/gpio/controller.go:415.2,415.32 1 7
github.com/spenceryork/pi-controller/pkg/gpio/controller.go:419.63,424.37 4 2
github.com/spenceryork/pi-controller/pkg/gpio/controller.go:424.37,426.3 1 3
github.com/spenceryork/pi-controller/pkg/gpio/controller.go:428.2,428.20 1 2
github.com/spenceryork/pi-controller/pkg/gpio/controller.go:432.89,433.59 1 5
github.com/spenceryork/pi-controller/pkg/gpio/controller.go:433.59,435.3 1 5
github.com/spenceryork/pi-controller/pkg/gpio/controller.go:438.2,438.41 1 0
github.com/spenceryork/pi-controller/pkg/gpio/controller.go:438.41,440.3 1 0
github.com/spenceryork/pi-controller/pkg/gpio/controller.go:441.2,441.38 1 0
github.com/spenceryork/pi-controller/pkg/gpio/controller.go:441.38,443.3 1 0
github.com/spenceryork/pi-controller/pkg/gpio/controller.go:445.2,445.65 1 0
github.com/spenceryork/pi-controller/pkg/gpio/controller.go:445.65,455.3 3 0
github.com/spenceryork/pi-controller/pkg/gpio/controller.go:457.2,465.12 3 0
github.com/spenceryork/pi-controller/pkg/gpio/controller.go:469.74,470.60 1 0
github.com/spenceryork/pi-controller/pkg/gpio/controller.go:470.60,472.3 1 0
github.com/spenceryork/pi-controller/pkg/gpio/controller.go:474.2,475.16 2 0
github.com/spenceryork/pi-controller/pkg/gpio/controller.go:475.16,478.3 2 0
github.com/spenceryork/pi-controller/pkg/gpio/controller.go:480.2,481.19 2 0
github.com/spenceryork/pi-controller/pkg/gpio/controller.go:485.91,486.22 1 4
github.com/spenceryork/pi-controller/pkg/gpio/controller.go:486.22,488.3 1 0
github.com/spenceryork/pi-controller/pkg/gpio/controller.go:490.2,491.42 2 4
github.com/spenceryork/pi-controller/pkg/gpio/controller.go:494.78,495.22 1 0
github.com/spenceryork/pi-controller/pkg/gpio/controller.go:495.22,497.3 1 0
github.com/spenceryork/pi-controller/pkg/gpio/controller.go:499.2,500.39 2 0
github.com/spenceryork/pi-controller/pkg/gpio/controller.go:503.86,504.19 1 0
github.com/spenceryork/pi-controller/pkg/gpio/controller.go:504.19,506.3 1 0
github.com/spenceryork/pi-controller/pkg/gpio/controller.go:508.2,509.40 2 0
github.com/spenceryork/pi-controller/pkg/gpio/controller.go:513.87,514.21 1 5
github.com/spenceryork/pi-controller/pkg/gpio/controller.go:514.21,516.3 1 0
github.com/spenceryork/pi-controller/pkg/gpio/controller.go:518.2,519.44 2 5
github.com/spenceryork/pi-controller/pkg/gpio/controller.go:522.95,523.18 1 0
github.com/spenceryork/pi-controller/pkg/gpio/controller.go:523.18,525.3 1 0
github.com/spenceryork/pi-controller/pkg/gpio/controller.go:527.2,528.45 2 0
github.com/spenceryork/pi-controller/pkg/gpio/controller.go:531.109,532.21 1 0
github.com/spenceryork/pi-controller/pkg/gpio/controller.go:532.21,534.3 1 0
github.com/spenceryork/pi-controller/pkg/gpio/controller.go:536.2,537.62 2 0
github.com/spenceryork/pi-controller/pkg/gpio/controller.go:540.117,541.18 1 0
github.com/spenceryork/pi-controller/pkg/gpio/controller.go:541.18,543.3 1 0
github.com/spenceryork/pi-controller/pkg/gpio/controller.go:545.2,546.63 2 0
github.com/spenceryork/pi-controller/pkg/gpio/controller.go:550.111,551.65 1 1
github.com/spenceryork/pi-controller/pkg/gpio/controller.go:551.65,553.3 1 1
github.com/spenceryork/pi-controller/pkg/gpio/controller.go:555.2,556.56 2 0
github.com/spenceryork/pi-controller/pkg/gpio/controller.go:559.69,560.65 1 0
github.com/spenceryork/pi-controller/pkg/gpio/controller.go:560.65,562.3 1 0
github.com/spenceryork/pi-controller/pkg/gpio/controller.go:564.2,565.37 2 0
github.com/spenceryork/pi-controller/pkg/gpio/controller.go:568.64,570.2 1 0
github.com/spenceryork/pi-controller/pkg/gpio/controller.go:572.44,574.2 1 0
github.com/spenceryork/pi-controller/pkg/gpio/controller.go:577.75,578.38 1 72
github.com/spenceryork/pi-controller/pkg/gpio/controller.go:578.38,580.3 1 0
github.com/spenceryork/pi-controller/pkg/gpio/controller.go:582.2,589.14 2 72
github.com/spenceryork/pi-controller/pkg/gpio/controller.go:589.14,591.3 1 62
github.com/spenceryork/pi-controller/pkg/gpio/controller.go:593.2,593.57 1 72
github.com/spenceryork/pi-controller/pkg/gpio/controller.go:597.64,612.2 3 0
github.com/spenceryork/pi-controller/pkg/gpio/interface.go:173.30,186.2 1 12
github.com/spenceryork/pi-controller/pkg/gpio/mock.go:27.44,33.2 1 23
github.com/spenceryork/pi-controller/pkg/gpio/mock.go:36.58,46.2 6 23
github.com/spenceryork/pi-controller/pkg/gpio/mock.go:49.34,54.52 3 23
github.com/spenceryork/pi-controller/pkg/gpio/mock.go:54.52,56.3 1 0
github.com/spenceryork/pi-controller/pkg/gpio/mock.go:59.2,63.12 4 23
github.com/spenceryork/pi-controller/pkg/gpio/mock.go:67.57,71.39 3 32
github.com/spenceryork/pi-controller/pkg/gpio/mock.go:71.39,73.3 1 2
github.com/spenceryork/pi-controller/pkg/gpio/mock.go:75.2,81.12 2 30
github.com/spenceryork/pi-controller/pkg/gpio/mock.go:85.55,90.13 4 6
github.com/spenceryork/pi-controller/pkg/gpio/mock.go:90.13,92.3 1 2
github.com/spenceryork/pi-controller/pkg/gpio/mock.go:94.2,94.48 1 4
github.com/spenceryork/pi-controller/pkg/gpio/mock.go:94.48,96.3 1 2
github.com/spenceryork/pi-controller/pkg/gpio/mock.go:99.2,101.27 2 2
github.com/spenceryork/pi-controller/pkg/gpio/mock.go:105.60,110.13 4 10
github.com/spenceryork/pi-controller/pkg/gpio/mock.go:110.13,112.3 1 2
github.com/spenceryork/pi-controller/pkg/gpio/mock.go:114.2,114.49 1 8
github.com/spenceryork/pi-controller/pkg/gpio/mock.go:114.49,116.3 1 1
github.com/spenceryork/pi-controller/pkg/gpio/mock.go:118.2,123.82 4 7
github.com/spenceryork/pi-controller/pkg/gpio/mock.go:123.82,127.20 3 3
github.com/spenceryork/pi-controller/pkg/gpio/mock.go:128.24,129.52 1 0
github.com/spenceryork/pi-controller/pkg/gpio/mock.go:130.25,131.52 1 0
github.com/spenceryork/pi-controller/pkg/gpio/mock.go:132.23,133.24 1 3
github.com/spenceryork/pi-controller/pkg/gpio/mock.go:136.3,136.20 1 3
github.com/spenceryork/pi-controller/pkg/gpio/mock.go:136.20,143.4 1 3
github.com/spenceryork/pi-controller/pkg/gpio/mock.go:146.2,146.12 1 7
github.com/spenceryork/pi-controller/pkg/gpio/mock.go:150.60,155.13 4 12
github.com/spenceryork/pi-controller/pkg/gpio/mock.go:155.13,157.3 1 0
github.com/spenceryork/pi-controller/pkg/gpio/mock.go:159.2,165.8 1 12
github.com/spenceryork/pi-controller/pkg/gpio/mock.go:169.61,174.35 4 2
github.com/spenceryork/pi-controller/pkg/gpio/mock.go:174.35,182.3 1 3
github.com/spenceryork/pi-controller/pkg/gpio/mock.go:184.2,184.20 1 2
github.com/spenceryork/pi-controller/pkg/gpio/mock.go:188.72,193.13 4 10
github.com/spenceryork/pi-controller/pkg/gpio/mock.go:193.13,195.3 1 1
github.com/spenceryork/pi-controller/pkg/gpio/mock.go:197.2,197.49 1 9
github.com/spenceryork/pi-controller/pkg/gpio/mock.go:197.49,199.3 1 0
github.com/spenceryork/pi-controller/pkg/gpio/mock.go:201.2,201.40 1 9
github.com/spenceryork/pi-controller/pkg/gpio/mock.go:201.40,203.3 1 2
github.com/spenceryork/pi-controller/pkg/gpio/mock.go:205.2,205.38 1 7
github.com/spenceryork/pi-controller/pkg/gpio/mock.go:205.38,207.3 1 2
github.com/spenceryork/pi-controller/pkg/gpio/mock.go:210.2,214.12 4 5
github.com/spenceryork/pi-controller/pkg/gpio/mock.go:218.57,223.13 4 3
github.com/spenceryork/pi-controller/pkg/gpio/mock.go:223.13,225.3 1 1
github.com/spenceryork/pi-controller/pkg/gpio/mock.go:227.2,227.48 1 2
github.com/spenceryork/pi-controller/pkg/gpio/mock.go:227.48,229.3 1 1
github.com/spenceryork/pi-controller/pkg/gpio/mock.go:233.2,238.23 4 1
github.com/spenceryork/pi-controller/pkg/gpio/mock.go:242.39,244.2 1 1
github.com/spenceryork/pi-controller/pkg/gpio/mock.go:247.74,248.32 1 9
github.com/spenceryork/pi-controller/pkg/gpio/mock.go:248.32,250.3 1 4
github.com/spenceryork/pi-controller/pkg/gpio/mock.go:253.2,254.25 2 5
github.com/spenceryork/pi-controller/pkg/gpio/mock.go:254.25,256.3 1 12
github.com/spenceryork/pi-controller/pkg/gpio/mock.go:258.2,258.20 1 5
github.com/spenceryork/pi-controller/pkg/gpio/mock.go:262.61,263.32 1 5
github.com/spenceryork/pi-controller/pkg/gpio/mock.go:263.32,265.3 1 2
github.com/spenceryork/pi-controller/pkg/gpio/mock.go:268.2,268.12 1 3
github.com/spenceryork/pi-controller/pkg/gpio/mock.go:272.69,273.32 1 7
github.com/spenceryork/pi-controller/pkg/gpio/mock.go:273.32,275.3 1 2
github.com/spenceryork/pi-controller/pkg/gpio/mock.go:277.2,277.17 1 5
github.com/spenceryork/pi-controller/pkg/gpio/mock.go:277.17,279.3 1 3
github.com/spenceryork/pi-controller/pkg/gpio/mock.go:282.2,283.30 2 2
github.com/spenceryork/pi-controller/pkg/gpio/mock.go:283.30,285.3 1 7
github.com/spenceryork/pi-controller/pkg/gpio/mock.go:287.2,287.20 1 2
github.com/spenceryork/pi-controller/pkg/gpio/mock.go:291.70,292.24 1 15
github.com/spenceryork/pi-controller/pkg/gpio/mock.go:292.24,294.3 1 3
github.com/spenceryork/pi-controller/pkg/gpio/mock.go:296.2,296.38 1 12
github.com/spenceryork/pi-controller/pkg/gpio/mock.go:296.38,298.3 1 4
github.com/spenceryork/pi-controller/pkg/gpio/mock.go:301.2,301.12 1 8
github.com/spenceryork/pi-controller/pkg/gpio/mock.go:305.78,306.24 1 11
github.com/spenceryork/pi-controller/pkg/gpio/mock.go:306.24,308.3 1 2
github.com/spenceryork/pi-controller/pkg/gpio/mock.go:310.2,310.38 1 9
github.com/spenceryork/pi-controller/pkg/gpio/mock.go:310.38,312.3 1 2
github.com/spenceryork/pi-controller/pkg/gpio/mock.go:314.2,314.17 1 7
github.com/spenceryork/pi-controller/pkg/gpio/mock.go:314.17,316.3 1 1
github.com/spenceryork/pi-controller/pkg/gpio/mock.go:319.2,320.30 2 6
github.com/spenceryork/pi-controller/pkg/gpio/mock.go:320.30,322.3 1 7
github.com/spenceryork/pi-controller/pkg/gpio/mock.go:324.2,324.20 1 6
github.com/spenceryork/pi-controller/pkg/gpio/mock.go:328.92,329.24 1 10
github.com/spenceryork/pi-controller/pkg/gpio/mock.go:329.24,331.3 1 2
github.com/spenceryork/pi-controller/pkg/gpio/mock.go:333.2,333.38 1 8
github.com/spenceryork/pi-controller/pkg/gpio/mock.go:333.38,335.3 1 2
github.com/spenceryork/pi-controller/pkg/gpio/mock.go:337.2,337.36 1 6
github.com/spenceryork/pi-controller/pkg/gpio/mock.go:337.36,339.3 1 2
github.com/spenceryork/pi-controller/pkg/gpio/mock.go:342.2,342.12 1 4
github.com/spenceryork/pi-controller/pkg/gpio/mock.go:346.100,347.24 1 11
github.com/spenceryork/pi-controller/pkg/gpio/mock.go:347.24,349.3 1 2
github.com/spenceryork/pi-controller/pkg/gpio/mock.go:351.2,351.38 1 9
github.com/spenceryork/pi-controller/pkg/gpio/mock.go:351.38,353.3 1 2
github.com/spenceryork/pi-controller/pkg/gpio/mock.go:355.2,355.36 1 7
github.com/spenceryork/pi-controller/pkg/gpio/mock.go:355.36,357.3 1 2
github.com/spenceryork/pi-controller/pkg/gpio/mock.go:359.2,359.17 1 5
github.com/spenceryork/pi-controller/pkg/gpio/mock.go:359.17,361.3 1 1
github.com/spenceryork/pi-controller/pkg/gpio/mock.go:364.2,365.30 2 4
github.com/spenceryork/pi-controller/pkg/gpio/mock.go:365.30,367.3 1 5
github.com/spenceryork/pi-controller/pkg/gpio/mock.go:369.2,369.20 1 4
github.com/spenceryork/pi-controller/pkg/gpio/mock.go:373.94,377.39 3 3
github.com/spenceryork/pi-controller/pkg/gpio/mock.go:377.39,379.3 1 1
github.com/spenceryork/pi-controller/pkg/gpio/mock.go:381.2,384.12 3 2
github.com/spenceryork/pi-controller/pkg/gpio/mock.go:388.52,396.2 5 1
github.com/spenceryork/pi-controller/pkg/gpio/mock.go:399.62,401.24 2 2
github.com/spenceryork/pi-controller/pkg/gpio/mock.go:401.24,404.3 2 1
github.com/spenceryork/pi-controller/pkg/gpio/mock.go:406.2,412.12 5 1
github.com/spenceryork/pi-controller/pkg/gpio/mock.go:412.12,416.7 3 1
github.com/spenceryork/pi-controller/pkg/gpio/mock.go:416.7,417.11 1 1
github.com/spenceryork/pi-controller/pkg/gpio/mock.go:418.22,423.11 5 1
github.com/spenceryork/pi-controller/pkg/gpio/mock.go:424.20,425.27 1 0
github.com/spenceryork/pi-controller/pkg/gpio/mock.go:430.2,430.12 1 1
github.com/spenceryork/pi-controller/pkg/gpio/mock.go:434.42,438.25 3 2
github.com/spenceryork/pi-controller/pkg/gpio/mock.go:438.25,440.3 1 0
github.com/spenceryork/pi-controller/pkg/gpio/mock.go:442.2,442.30 1 2
github.com/spenceryork/pi-controller/pkg/gpio/mock.go:442.30,444.3 1 2
github.com/spenceryork/pi-controller/pkg/gpio/mock.go:446.2,446.12 1 2
github.com/spenceryork/pi-controller/pkg/gpio/mock.go:450.41,454.44 4 0
github.com/spenceryork/pi-controller/pkg/gpio/mock.go:454.44,457.3 2 0
github.com/spenceryork/pi-controller/pkg/gpio/mock.go:458.2,461.37 2 0
github.com/spenceryork/pi-controller/pkg/gpio/mock.go:461.37,465.35 2 0
github.com/spenceryork/pi-controller/pkg/gpio/mock.go:465.35,476.4 3 0
github.com/spenceryork/pi-controller/internal/services/cluster.go:19.87,24.2 1 0
github.com/spenceryork/pi-controller/internal/services/cluster.go:33.84,34.20 1 0
github.com/spenceryork/pi-controller/internal/services/cluster.go:34.20,36.3 1 0
github.com/spenceryork/pi-controller/internal/services/cluster.go:39.2,40.46 2 0
github.com/spenceryork/pi-controller/internal/services/cluster.go:40.46,42.3 1 0
github.com/spenceryork/pi-controller/internal/services/cluster.go:43.2,43.21 1 0
github.com/spenceryork/pi-controller/internal/services/cluster.go:43.21,45.3 1 0
github.com/spenceryork/pi-controller/internal/services/cluster.go:47.2,54.16 3 0
github.com/spenceryork/pi-controller/internal/services/cluster.go:54.16,56.3 1 0
github.com/spenceryork/pi-controller/internal/services/cluster.go:58.2,58.21 1 0
github.com/spenceryork/pi-controller/internal/services/cluster.go:69.93,72.16 3 0
github.com/spenceryork/pi-controller/internal/services/cluster.go:72.16,74.3 1 0
github.com/spenceryork/pi-controller/internal/services/cluster.go:76.2,76.21 1 0
github.com/spenceryork/pi-controller/internal/services/cluster.go:76.21,78.3 1 0
github.com/spenceryork/pi-controller/internal/services/cluster.go:79.2,79.28 1 0
github.com/spenceryork/pi-controller/internal/services/cluster.go:79.28,81.3 1 0
github.com/spenceryork/pi-controller/internal/services/cluster.go:82.2,82.23 1 0
github.com/spenceryork/pi-controller/internal/services/cluster.go:82.23,84.3 1 0
github.com/spenceryork/pi-controller/internal/services/cluster.go:86.2,87.16 2 0
github.com/spenceryork/pi-controller/internal/services/cluster.go:87.16,89.3 1 0
github.com/spenceryork/pi-controller/internal/services/cluster.go:91.2,91.22 1 0
github.com/spenceryork/pi-controller/internal/services/cluster.go:95.48,106.2 1 0
github.com/spenceryork/pi-controller/internal/services/cluster.go:116.89,119.16 3 0
github.com/spenceryork/pi-controller/internal/services/cluster.go:119.16,121.3 1 0
github.com/spenceryork/pi-controller/internal/services/cluster.go:123.2,123.44 1 0
github.com/spenceryork/pi-controller/internal/services/cluster.go:127.68,130.16 3 0
github.com/spenceryork/pi-controller/internal/services/cluster.go:130.16,132.3 1 0
github.com/spenceryork/pi-controller/internal/services/cluster.go:133.2,133.22 1 0
github.com/spenceryork/pi-controller/internal/services/cluster.go:137.74,140.16 3 0
github.com/spenceryork/pi-controller/internal/services/cluster.go:140.16,141.45 1 0
github.com/spenceryork/pi-controller/internal/services/cluster.go:141.45,143.4 1 0
github.com/spenceryork/pi-controller/internal/services/cluster.go:144.3,144.18 1 0
github.com/spenceryork/pi-controller/internal/services/cluster.go:146.2,146.22 1 0
github.com/spenceryork/pi-controller/internal/services/cluster.go:150.74,153.16 3 0
github.com/spenceryork/pi-controller/internal/services/cluster.go:153.16,155.3 1 0
github.com/spenceryork/pi-controller/internal/services/cluster.go:156.2,156.19 1 0
github.com/spenceryork/pi-controller/internal/services/cluster.go:160.75,163.16 3 0
github.com/spenceryork/pi-controller/internal/services/cluster.go:163.16,165.3 1 0
github.com/spenceryork/pi-controller/internal/services/cluster.go:166.2,166.28 1 0
github.com/spenceryork/pi-controller/internal/services/deployment.go:18.86,23.2 1 9
github.com/spenceryork/pi-controller/internal/services/deployment.go:26.121,28.16 2 3
github.com/spenceryork/pi-controller/internal/services/deployment.go:28.16,30.3 1 1
github.com/spenceryork/pi-controller/internal/services/deployment.go:32.2,32.48 1 2
github.com/spenceryork/pi-controller/internal/services/deployment.go:36.114,38.16 2 3
github.com/spenceryork/pi-controller/internal/services/deployment.go:38.16,40.3 1 1
github.com/spenceryork/pi-controller/internal/services/deployment.go:42.2,42.46 1 2
github.com/spenceryork/pi-controller/internal/services/deployment.go:46.102,48.16 2 3
github.com/spenceryork/pi-controller/internal/services/deployment.go:48.16,50.3 1 1
github.com/spenceryork/pi-controller/internal/services/deployment.go:52.2,52.49 1 2
github.com/spenceryork/pi-controller/internal/services/errors.go:36.33,38.2 1 0
github.com/spenceryork/pi-controller/internal/services/errors.go:41.38,43.2 1 0
github.com/spenceryork/pi-controller/internal/services/errors.go:46.37,48.2 1 0
github.com/spenceryork/pi-controller/internal/services/errors.go:51.37,53.2 1 0
github.com/spenceryork/pi-controller/internal/services/errors.go:56.34,58.2 1 0
github.com/spenceryork/pi-controller/internal/services/errors.go:61.33,63.2 1 0
github.com/spenceryork/pi-controller/internal/services/errors.go:66.41,68.2 1 0
github.com/spenceryork/pi-controller/internal/services/gpio.go:21.81,26.2 1 0
github.com/spenceryork/pi-controller/internal/services/gpio.go:70.86,77.24 4 0
github.com/spenceryork/pi-controller/internal/services/gpio.go:77.24,79.3 1 0
github.com/spenceryork/pi-controller/internal/services/gpio.go:80.2,80.28 1 0
github.com/spenceryork/pi-controller/internal/services/gpio.go:80.28,82.3 1 0
github.com/spenceryork/pi-controller/internal/services/gpio.go:83.2,83.27 1 0
github.com/spenceryork/pi-controller/internal/services/gpio.go:83.27,85.3 1 0
github.com/spenceryork/pi-controller/internal/services/gpio.go:86.2,86.24 1 0
github.com/spenceryork/pi-controller/internal/services/gpio.go:86.24,88.3 1 0
github.com/spenceryork/pi-controller/internal/services/gpio.go:91.2,91.50 1 0
github.com/spenceryork/pi-controller/internal/services/gpio.go:91.50,94.3 2 0
github.com/spenceryork/pi-controller/internal/services/gpio.go:97.2,97.20 1 0
github.com/spenceryork/pi-controller/internal/services/gpio.go:97.20,99.3 1 0
github.com/spenceryork/pi-controller/internal/services/gpio.go:100.2,100.21 1 0
github.com/spenceryork/pi-controller/internal/services/gpio.go:100.21,102.3 1 0
github.com/spenceryork/pi-controller/internal/services/gpio.go:105.2,108.51 2 0
github.com/spenceryork/pi-controller/internal/services/gpio.go:108.51,111.3 2 0
github.com/spenceryork/pi-controller/internal/services/gpio.go:113.2,118.28 2 0
github.com/spenceryork/pi-controller/internal/services/gpio.go:122.68,125.75 2 0
github.com/spenceryork/pi-controller/internal/services/gpio.go:125.75,126.36 1 0
github.com/spenceryork/pi-controller/internal/services/gpio.go:126.36,128.4 1 0
github.com/spenceryork/pi-controller/internal/services/gpio.go:129.3,133.63 2 0
github.com/spenceryork/pi-controller/internal/services/gpio.go:136.2,136.21 1 0
github.com/spenceryork/pi-controller/internal/services/gpio.go:140.95,143.130 2 0
github.com/spenceryork/pi-controller/internal/services/gpio.go:143.130,144.36 1 0
github.com/spenceryork/pi-controller/internal/services/gpio.go:144.36,146.4 1 0
github.com/spenceryork/pi-controller/internal/services/gpio.go:147.3,152.63 2 0
github.com/spenceryork/pi-controller/internal/services/gpio.go:155.2,155.21 1 0
github.com/spenceryork/pi-controller/internal/services/gpio.go:159.87,162.65 2 0
github.com/spenceryork/pi-controller/internal/services/gpio.go:162.65,163.36 1 0
github.com/spenceryork/pi-controller/internal/services/gpio.go:163.36,165.4 1 0
github.com/spenceryork/pi-controller/internal/services/gpio.go:166.3,166.59 1 0
github.com/spenceryork/pi-controller/internal/services/gpio.go:170.2,170.80 1 0
github.com/spenceryork/pi-controller/internal/services/gpio.go:170.80,171.17 1 0
github.com/spenceryork/pi-controller/internal/services/gpio.go:171.17,173.4 1 0
github.com/spenceryork/pi-controller/internal/services/gpio.go:174.3,174.18 1 0
github.com/spenceryork/pi-controller/internal/services/gpio.go:177.2,189.56 2 0
github.com/spenceryork/pi-controller/internal/services/gpio.go:189.56,197.3 2 0
github.com/spenceryork/pi-controller/internal/services/gpio.go:199.2,206.21 2 0
github.com/spenceryork/pi-controller/internal/services/gpio.go:210.96,212.16 2 0
github.com/spenceryork/pi-controller/internal/services/gpio.go:212.16,214.3 1 0
github.com/spenceryork/pi-controller/internal/services/gpio.go:217.2,217.21 1 0
github.com/spenceryork/pi-controller/internal/services/gpio.go:217.21,219.3 1 0
github.com/spenceryork/pi-controller/internal/services/gpio.go:220.2,220.28 1 0
github.com/spenceryork/pi-controller/internal/services/gpio.go:220.28,222.3 1 0
github.com/spenceryork/pi-controller/internal/services/gpio.go:223.2,223.26 1 0
github.com/spenceryork/pi-controller/internal/services/gpio.go:223.26,225.3 1 0
github.com/spenceryork/pi-controller/internal/services/gpio.go:226.2,226.25 1 0
github.com/spenceryork/pi-controller/internal/services/gpio.go:226.25,228.3 1 0
github.com/spenceryork/pi-controller/internal/services/gpio.go:229.2,229.23 1 0
github.com/spenceryork/pi-controller/internal/services/gpio.go:229.23,231.3 1 0
github.com/spenceryork/pi-controller/internal/services/gpio.go:232.2,232.23 1 0
github.com/spenceryork/pi-controller/internal/services/gpio.go:232.23,234.3 1 0
github.com/spenceryork/pi-controller/internal/services/gpio.go:236.2,236.53 1 0
github.com/spenceryork/pi-controller/internal/services/gpio.go:236.53,242.3 2 0
github.com/spenceryork/pi-controller/internal/services/gpio.go:244.2,249.20 2 0
github.com/spenceryork/pi-controller/internal/services/gpio.go:253.45,255.16 2 0
github.com/spenceryork/pi-controller/internal/services/gpio.go:255.16,257.3 1 0
github.com/spenceryork/pi-controller/internal/services/gpio.go:260.2,260.97 1 0
github.com/spenceryork/pi-controller/internal/services/gpio.go:260.97,266.3 2 0
github.com/spenceryork/pi-controller/internal/services/gpio.go:269.2,269.73 1 0
github.com/spenceryork/pi-controller/internal/services/gpio.go:269.73,275.3 2 0
github.com/spenceryork/pi-controller/internal/services/gpio.go:277.2,282.12 2 0
github.com/spenceryork/pi-controller/internal/services/gpio.go:286.65,288.16 2 0
github.com/spenceryork/pi-controller/internal/services/gpio.go:288.16,290.3 1 0
github.com/spenceryork/pi-controller/internal/services/gpio.go:292.2,292.24 1 0
github.com/spenceryork/pi-controller/internal/services/gpio.go:292.24,294.3 1 0
github.com/spenceryork/pi-controller/internal/services/gpio.go:304.2,310.57 2 0
github.com/spenceryork/pi-controller/internal/services/gpio.go:310.57,316.3 2 0
github.com/spenceryork/pi-controller/internal/services/gpio.go:318.2,323.20 2 0
github.com/spenceryork/pi-controller/internal/services/gpio.go:327.55,329.16 2 0
github.com/spenceryork/pi-controller/internal/services/gpio.go:329.16,331.3 1 0
github.com/spenceryork/pi-controller/internal/services/gpio.go:333.2,333.24 1 0
github.com/spenceryork/pi-controller/internal/services/gpio.go:333.24,335.3 1 0
github.com/spenceryork/pi-controller/internal/services/gpio.go:337.2,337.24 1 0
github.com/spenceryork/pi-controller/internal/services/gpio.go:337.24,339.3 1 0
github.com/spenceryork/pi-controller/internal/services/gpio.go:349.2,350.53 2 0
github.com/spenceryork/pi-controller/internal/services/gpio.go:350.53,357.3 2 0
github.com/spenceryork/pi-controller/internal/services/gpio.go:360.2,366.57 2 0
github.com/spenceryork/pi-controller/internal/services/gpio.go:366.57,373.3 1 0
github.com/spenceryork/pi-controller/internal/services/gpio.go:375.2,380.12 2 0
github.com/spenceryork/pi-controller/internal/services/gpio.go:384.98,391.29 4 0
github.com/spenceryork/pi-controller/internal/services/gpio.go:391.29,393.3 1 0
github.com/spenceryork/pi-controller/internal/services/gpio.go:394.2,394.27 1 0
github.com/spenceryork/pi-controller/internal/services/gpio.go:394.27,396.3 1 0
github.com/spenceryork/pi-controller/internal/services/gpio.go:399.2,399.50 1 0
github.com/spenceryork/pi-controller/internal/services/gpio.go:399.50,402.3 2 0
github.com/spenceryork/pi-controller/internal/services/gpio.go:405.2,406.22 2 0
github.com/spenceryork/pi-controller/internal/services/gpio.go:406.22,408.3 1 0
github.com/spenceryork/pi-controller/internal/services/gpio.go:409.2,409.23 1 0
github.com/spenceryork/pi-controller/internal/services/gpio.go:409.23,411.3 1 0
github.com/spenceryork/pi-controller/internal/services/gpio.go:414.2,414.52 1 0
github.com/spenceryork/pi-controller/internal/services/gpio.go:414.52,420.3 2 0
github.com/spenceryork/pi-controller/internal/services/gpio.go:422.2,428.29 2 0
github.com/spenceryork/pi-controller/internal/services/gpio.go:432.82,436.25 3 0
github.com/spenceryork/pi-controller/internal/services/gpio.go:436.25,439.3 2 0
github.com/spenceryork/pi-controller/internal/services/gpio.go:441.2,446.33 2 0
github.com/spenceryork/pi-controller/internal/services/node.go:21.81,26.2 1 0
github.com/spenceryork/pi-controller/internal/services/node.go:72.80,79.27 4 0
github.com/spenceryork/pi-controller/internal/services/node.go:79.27,81.3 1 0
github.com/spenceryork/pi-controller/internal/services/node.go:82.2,82.24 1 0
github.com/spenceryork/pi-controller/internal/services/node.go:82.24,84.3 1 0
github.com/spenceryork/pi-controller/internal/services/node.go:85.2,85.22 1 0
github.com/spenceryork/pi-controller/internal/services/node.go:85.22,87.3 1 0
github.com/spenceryork/pi-controller/internal/services/node.go:90.2,90.50 1 0
github.com/spenceryork/pi-controller/internal/services/node.go:90.50,93.3 2 0
github.com/spenceryork/pi-controller/internal/services/node.go:96.2,96.20 1 0
github.com/spenceryork/pi-controller/internal/services/node.go:96.20,98.3 1 0
github.com/spenceryork/pi-controller/internal/services/node.go:99.2,99.21 1 0
github.com/spenceryork/pi-controller/internal/services/node.go:99.21,101.3 1 0
github.com/spenceryork/pi-controller/internal/services/node.go:104.2,104.22 1 0
github.com/spenceryork/pi-controller/internal/services/node.go:104.22,106.3 1 0
github.com/spenceryork/pi-controller/internal/services/node.go:107.2,110.49 2 0
github.com/spenceryork/pi-controller/internal/services/node.go:110.49,113.3 2 0
github.com/spenceryork/pi-controller/internal/services/node.go:115.2,120.26 2 0
github.com/spenceryork/pi-controller/internal/services/node.go:124.80,128.17 3 0
github.com/spenceryork/pi-controller/internal/services/node.go:128.17,130.3 1 0
github.com/spenceryork/pi-controller/internal/services/node.go:132.2,132.53 1 0
github.com/spenceryork/pi-controller/internal/services/node.go:132.53,133.36 1 0
github.com/spenceryork/pi-controller/internal/services/node.go:133.36,135.4 1 0
github.com/spenceryork/pi-controller/internal/services/node.go:136.3,140.56 2 0
github.com/spenceryork/pi-controller/internal/services/node.go:143.2,143.19 1 0
github.com/spenceryork/pi-controller/internal/services/node.go:147.68,150.96 2 0
github.com/spenceryork/pi-controller/internal/services/node.go:150.96,151.36 1 0
github.com/spenceryork/pi-controller/internal/services/node.go:151.36,153.4 1 0
github.com/spenceryork/pi-controller/internal/services/node.go:154.3,158.56 2 0
github.com/spenceryork/pi-controller/internal/services/node.go:161.2,161.19 1 0
github.com/spenceryork/pi-controller/internal/services/node.go:165.78,168.107 2 0
github.com/spenceryork/pi-controller/internal/services/node.go:168.107,169.36 1 0
github.com/spenceryork/pi-controller/internal/services/node.go:169.36,171.4 1 0
github.com/spenceryork/pi-controller/internal/services/node.go:172.3,176.56 2 0
github.com/spenceryork/pi-controller/internal/services/node.go:179.2,179.19 1 0
github.com/spenceryork/pi-controller/internal/services/node.go:183.75,185.57 1 0
github.com/spenceryork/pi-controller/internal/services/node.go:185.57,186.17 1 0
github.com/spenceryork/pi-controller/internal/services/node.go:186.17,188.4 1 0
github.com/spenceryork/pi-controller/internal/services/node.go:189.3,189.18 1 0
github.com/spenceryork/pi-controller/internal/services/node.go:193.2,193.67 1 0
github.com/spenceryork/pi-controller/internal/services/node.go:193.67,194.17 1 0
github.com/spenceryork/pi-controller/internal/services/node.go:194.17,196.4 1 0
github.com/spenceryork/pi-controller/internal/services/node.go:197.3,197.18 1 0
github.com/spenceryork/pi-controller/internal/services/node.go:201.2,201.26 1 0
github.com/spenceryork/pi-controller/internal/services/node.go:201.26,203.73 2 0
github.com/spenceryork/pi-controller/internal/services/node.go:203.73,204.37 1 0
github.com/spenceryork/pi-controller/internal/services/node.go:204.37,206.5 1 0
github.com/spenceryork/pi-controller/internal/services/node.go:207.4,207.63 1 0
github.com/spenceryork/pi-controller/internal/services/node.go:211.2,226.54 2 0
github.com/spenceryork/pi-controller/internal/services/node.go:226.54,232.3 2 0
github.com/spenceryork/pi-controller/internal/services/node.go:234.2,240.19 2 0
github.com/spenceryork/pi-controller/internal/services/node.go:244.84,246.16 2 0
github.com/spenceryork/pi-controller/internal/services/node.go:246.16,248.3 1 0
github.com/spenceryork/pi-controller/internal/services/node.go:251.2,251.47 1 0
github.com/spenceryork/pi-controller/internal/services/node.go:251.47,252.59 1 0
github.com/spenceryork/pi-controller/internal/services/node.go:252.59,253.18 1 0
github.com/spenceryork/pi-controller/internal/services/node.go:253.18,255.5 1 0
github.com/spenceryork/pi-controller/internal/services/node.go:256.4,256.19 1 0
github.com/spenceryork/pi-controller/internal/services/node.go:258.3,258.24 1 0
github.com/spenceryork/pi-controller/internal/services/node.go:262.2,262.62 1 0
github.com/spenceryork/pi-controller/internal/services/node.go:262.62,263.69 1 0
github.com/spenceryork/pi-controller/internal/services/node.go:263.69,264.18 1 0
github.com/spenceryork/pi-controller/internal/services/node.go:264.18,266.5 1 0
github.com/spenceryork/pi-controller/internal/services/node.go:267.4,267.19 1 0
github.com/spenceryork/pi-controller/internal/services/node.go:269.3,269.34 1 0
github.com/spenceryork/pi-controller/internal/services/node.go:273.2,273.61 1 0
github.com/spenceryork/pi-controller/internal/services/node.go:273.61,275.73 2 0
github.com/spenceryork/pi-controller/internal/services/node.go:275.73,276.37 1 0
github.com/spenceryork/pi-controller/internal/services/node.go:276.37,278.5 1 0
github.com/spenceryork/pi-controller/internal/services/node.go:279.4,279.63 1 0
github.com/spenceryork/pi-controller/internal/services/node.go:281.3,281.33 1 0
github.com/spenceryork/pi-controller/internal/services/node.go:285.2,285.27 1 0
github.com/spenceryork/pi-controller/internal/services/node.go:285.27,287.3 1 0
github.com/spenceryork/pi-controller/internal/services/node.go:288.2,288.23 1 0
github.com/spenceryork/pi-controller/internal/services/node.go:288.23,290.3 1 0
github.com/spenceryork/pi-controller/internal/services/node.go:291.2,291.21 1 0
github.com/spenceryork/pi-controller/internal/services/node.go:291.21,293.3 1 0
github.com/spenceryork/pi-controller/internal/services/node.go:294.2,294.29 1 0
github.com/spenceryork/pi-controller/internal/services/node.go:294.29,296.3 1 0
github.com/spenceryork/pi-controller/internal/services/node.go:297.2,297.22 1 0
github.com/spenceryork/pi-controller/internal/services/node.go:297.22,299.3 1 0
github.com/spenceryork/pi-controller/internal/services/node.go:300.2,300.29 1 0
github.com/spenceryork/pi-controller/internal/services/node.go:300.29,302.3 1 0
github.com/spenceryork/pi-controller/internal/services/node.go:303.2,303.25 1 0
github.com/spenceryork/pi-controller/internal/services/node.go:303.25,305.3 1 0
github.com/spenceryork/pi-controller/internal/services/node.go:306.2,306.23 1 0
github.com/spenceryork/pi-controller/internal/services/node.go:306.23,308.3 1 0
github.com/spenceryork/pi-controller/internal/services/node.go:309.2,309.26 1 0
github.com/spenceryork/pi-controller/internal/services/node.go:309.26,311.3 1 0
github.com/spenceryork/pi-controller/internal/services/node.go:312.2,312.30 1 0
github.com/spenceryork/pi-controller/internal/services/node.go:312.30,314.3 1 0
github.com/spenceryork/pi-controller/internal/services/node.go:315.2,315.28 1 0
github.com/spenceryork/pi-controller/internal/services/node.go:315.28,317.3 1 0
github.com/spenceryork/pi-controller/internal/services/node.go:318.2,318.25 1 0
github.com/spenceryork/pi-controller/internal/services/node.go:318.25,320.3 1 0
github.com/spenceryork/pi-controller/internal/services/node.go:322.2,322.51 1 0
github.com/spenceryork/pi-controller/internal/services/node.go:322.51,328.3 2 0
github.com/spenceryork/pi-controller/internal/services/node.go:330.2,335.18 2 0
github.com/spenceryork/pi-controller/internal/services/node.go:339.45,341.16 2 0
github.com/spenceryork/pi-controller/internal/services/node.go:341.16,343.3 1 0
github.com/spenceryork/pi-controller/internal/services/node.go:346.2,346.31 1 0
github.com/spenceryork/pi-controller/internal/services/node.go:346.31,348.3 1 0
github.com/spenceryork/pi-controller/internal/services/node.go:350.2,350.67 1 0
github.com/spenceryork/pi-controller/internal/services/node.go:350.67,356.3 2 0
github.com/spenceryork/pi-controller/internal/services/node.go:358.2,363.12 2 0
github.com/spenceryork/pi-controller/internal/services/node.go:367.53,368.114 1 0
github.com/spenceryork/pi-controller/internal/services/node.go:368.114,374.3 2 0
github.com/spenceryork/pi-controller/internal/services/node.go:376.2,376.12 1 0
github.com/spenceryork/pi-controller/internal/services/node.go:380.80,382.16 2 0
github.com/spenceryork/pi-controller/internal/services/node.go:382.16,384.3 1 0
github.com/spenceryork/pi-controller/internal/services/node.go:386.2,387.85 2 0
github.com/spenceryork/pi-controller/internal/services/node.go:387.85,393.3 2 0
github.com/spenceryork/pi-controller/internal/services/node.go:395.2,395.21 1 0
github.com/spenceryork/pi-controller/internal/services/node.go:399.64,401.16 2 0
github.com/spenceryork/pi-controller/internal/services/node.go:401.16,403.3 1 0
github.com/spenceryork/pi-controller/internal/services/node.go:406.2,407.67 2 0
github.com/spenceryork/pi-controller/internal/services/node.go:407.67,408.36 1 0
github.com/spenceryork/pi-controller/internal/services/node.go:408.36,410.4 1 0
github.com/spenceryork/pi-controller/internal/services/node.go:411.3,411.57 1 0
github.com/spenceryork/pi-controller/internal/services/node.go:415.2,418.51 3 0
github.com/spenceryork/pi-controller/internal/services/node.go:418.51,425.3 2 0
github.com/spenceryork/pi-controller/internal/services/node.go:427.2,434.12 2 0
github.com/spenceryork/pi-controller/internal/services/node.go:438.50,440.16 2 0
github.com/spenceryork/pi-controller/internal/services/node.go:440.16,442.3 1 0
github.com/spenceryork/pi-controller/internal/services/node.go:444.2,452.51 6 0
github.com/spenceryork/pi-controller/internal/services/node.go:452.51,458.3 2 0
github.com/spenceryork/pi-controller/internal/services/node.go:460.2,466.12 2 0
github.com/spenceryork/pi-controller/internal/services/pin.go:14.53,18.2 1 6
github.com/spenceryork/pi-controller/internal/services/pin.go:21.66,23.2 1 2
github.com/spenceryork/pi-controller/internal/services/pin.go:26.61,28.2 1 2
github.com/spenceryork/pi-controller/internal/services/pin.go:31.62,33.2 1 2
